[uc.js]
[sites/all/themes/custom/weather/favicon.ico]
[backblue.gif]
[fade.gif]
[index.html]
[sites/all/modules/contrib/jquery_update/replace/jquery/1.12/jquery.minfac2.js]
[sites/all/modules/contrib/jquery_update/js/jquery_browser241d.js]
[sites/all/modules/contrib/jquery_update/replace/ui/external/jquery.cookie1683.js]
[sites/all/modules/contrib/entityreference/js/entityreference8bb9.js]
[sites/all/libraries/flexslider/jquery.flexslider-min8bb9.js]
[sites/all/modules/contrib/cookiebot/js/cookiebot8bb9.js]
[sites/all/modules/contrib/google_analytics/googleanalytics8bb9.js]
[sites/all/modules/contrib/matomo/matomo8bb9.js]
[sites/all/modules/contrib/field_group/field_group8bb9.js]
[sites/all/themes/custom/weather/js/script8bb9.js]
[sites/default/files/styles/slider_image/public/images/blocks/sliders/iaf_with_ruairi_de_burca3-crop4c40.png]
[sites/default/files/styles/slider_image/public/images/blocks/sliders/fileddd5.png]
[sites/default/files/styles/slider_image/public/images/blocks/sliders/gedc0234a58c.png]
[sites/default/files/styles/slider_image/public/images/blocks/sliders/instagram_irelandfellows6adf.png]
[sites/default/files/styles/slider_image/public/images/blocks/sliders/groupdf36.jpg]
[sites/default/files/styles/slider_image/public/images/blocks/sliders/nigeria_2c793.jpg]
[sites/default/files/styles/slider_image/public/images/blocks/sliders/zambia_2fb78.jpg]
[sites/default/files/styles/case_study_profile/public/images/case-studies/profile-image/dismas_profile8c97.png]
[sites/default/files/styles/newsletter_homepage/public/images/updates-block/imagea8f8.png]
[sites/default/files/styles/newsletter_homepage/public/images/updates-block/1727887140833f927.jpg]
[sites/default/files/images/paragraphs/image-and-or-text-bundle/our_programmes.png]
[sites/default/files/images/paragraphs/image-and-or-text-bundle/output-onlinepngtools_7.png]
[sites/all/modules/contrib/flexslider/assets/js/flexslider.load8bb9.js]
[index.html]
[csse6d9.css]
[sites/default/files/styles/case_study_profile/public/images/case-studies/profile-image/desireernestlinessmpanje-1600e86.jpg]
[about-ireland-fellows-programme.html]
[sites/default/files/are-you-eligible/ireland_fellows_programme_directory_of_programmes_2025-26.pdf]
[sites/default/files/are-you-eligible/ireland_fellows_programme_directory_of_programmes_2025-26_0.pdf]
[sites/default/files/are-you-eligible/ireland_fellows_programme_directory_of_programmes_2025-26_1.pdf]
[sites/default/files/are-you-eligible/ireland_fellows_programme_directory_of_programmes_2025-26_2.pdf]
[sites/default/files/are-you-eligible/ireland_fellows_programme_directory_of_programmes_2025-26_4.pdf]
[sites/default/files/styles/case_study_profile/public/images/case-studies/profile-image/bui_vinh_thang_009-cropa57f.jpg]
[strands.html]
[sites/default/files/styles/case_study_profile/public/images/case-studies/profile-image/fb_img_17280604437466957.jpg]
[sites/default/files/styles/case_study_profile/public/images/case-studies/profile-image/img_05108151.jpg]
[sites/default/files/styles/case_study_profile/public/images/case-studies/profile-image/photo_passport_dismasdb65.jpg]
[sites/default/files/styles/case_study_profile/public/images/case-studies/profile-image/profile_photo_2b129.jpg]
[sites/default/files/styles/case_study_profile/public/images/case-studies/profile-image/img-20221113-wa0004_18255.jpg]
[sites/default/files/styles/case_study_profile/public/images/case-studies/profile-image/thumbnail_image756b.jpg]
[sites/default/files/styles/case_study_profile/public/images/case-studies/profile-image/irish_fellowship986b.jpg]
[sites/default/files/styles/case_study_profile/public/images/case-studies/profile-image/img_2409_1caef.jpg]
[sites/default/files/styles/case_study_profile/public/images/case-studies/profile-image/screenshot_65881d.png]
[sites/default/files/styles/case_study_profile/public/images/case-studies/profile-image/tuyet540x540_15c86.jpg]
[sites/default/files/styles/case_study_profile/public/images/case-studies/profile-image/screenshot_52d304.png]
[sites/default/files/styles/case_study_profile/public/images/case-studies/profile-image/khaled_quzmaracd6.jpg]
[sites/default/files/styles/case_study_profile/public/images/case-studies/profile-image/belaynesh3-2006-glendalough4a24.jpg]
[sites/default/files/styles/case_study_profile/public/images/case-studies/profile-image/screenshot_647796.png]
[sites/default/files/styles/case_study_profile/public/images/case-studies/profile-image/victor_makasa_11e89.jpg]
[sites/default/files/styles/case_study_profile/public/images/case-studies/profile-image/rashid_sesay-01-adjusted-web_10725.jpg]
[sites/default/files/styles/case_study_profile/public/images/case-studies/profile-image/screenshot_3561ab.png]
[sites/default/files/styles/case_study_profile/public/images/case-studies/profile-image/screenshot_33a088.png]
[sites/default/files/styles/case_study_profile/public/images/case-studies/profile-image/zubair_combine_14d63.jpg]
[sites/default/files/styles/case_study_profile/public/images/case-studies/profile-image/peterbalimunsicomposite672_1_03b97.jpg]
[sites/default/files/styles/case_study_profile/public/images/case-studies/profile-image/mekbib_kassahun_ethiopia_3-crop8197.jpg]
[alumni.html]
[sites/default/files/styles/case_study_profile/public/images/case-studies/profile-image/belen3e67.jpg]
[colleges.html]
[country-partners.html]
[sites/default/files/styles/case_study_profile/public/images/case-studies/profile-image/image000014e13.jpg]
[contact.html]
[sites/default/files/images/paragraphs/image-and-or-text-bundle/iaf_with_ruairi_de_burca.png]
[sites/default/files/images/paragraphs/image-and-or-text-bundle/ftp_2018.png]
[sites/default/files/images/paragraphs/image-and-or-text-bundle/ideas_2018.png]
[sites/default/files/images/paragraphs/image-and-or-text-bundle/kader_asmal_2018.png]
[sites/default/files/images/paragraphs/image-and-or-text-bundle/palestine_scholarship_programme_2018.png]
[sites/default/files/images/paragraphs/image-and-or-text-bundle/mwangi_fellow_2018.png]
[sites/default/files/images/paragraphs/image-and-or-text-bundle/casement_fellow_2018.png]
[sites/default/files/images/paragraphs/image-and-or-text-bundle/courtney_fellow_2018.png]
[sites/default/files/images/paragraphs/image-and-or-text-bundle/2017_fellows_at_ia_orientation_2018-crop.png]
[2018-fellows-welcomed-ireland.html]
[sites/default/files/styles/case_study_main_image/public/images/case-studies/main-image/linny-testfd7e.png]
[case-studies/linny-kachama.html]
[sites/default/files/images/paragraphs/image-and-or-text-bundle/viewallcasestudiesgraphic304.jpg]
[sites/default/files/styles/case_study_main_image/public/images/case-studies/main-image/photo_29226.jpg]
[case-studies/elisa-castrillón-palacio.html]
[sites/default/files/styles/case_study_main_image/public/images/case-studies/main-image/dismas_main0877.png]
[case-studies/dismas-ndayikengurukiye.html]
[sites/default/files/styles/case_study_profile/public/images/case-studies/profile-image/dscf3566-saba-small5b7b.png]
[international-womens-day-2024.html]
[sites/default/files/newsletters/pdfs/ireland_fellows_programme_book_1974-2024.pdf]
[sites/default/files/images/newsletters/cover-images/1727887140833.jpg]
[sites/default/files/styles/case_study_profile/public/images/case-studies/profile-image/sean_obrian_wright_yates_13548_photo87c8.jpg]
[newsletters/ireland-fellows-programme-celebrates-50th-anniversary.html]
[privacy-policy.html]
[cab35725-2771-4515-81a5-a58ec8c0b30b/cd.js]
[sites/default/files/styles/case_study_profile/public/images/case-studies/profile-image/thi_dieu_thao_doan_-_160176b6fd.jpg]
[cookies.html]
[sites/default/files/styles/case_study_profile/public/images/case-studies/profile-image/aouda60ece.jpg]
[overview/role-icos.html]
[sites/default/files/styles/case_study_main_image/public/images/case-studies/main-image/desireernestlinessmpanje-6722816.jpg]
[case-studies/desire-mpanje.html]
[sites/default/files/styles/case_study_profile/public/images/case-studies/profile-image/profile_icos1455.png]
[overview/contact-information.html]
[media/dfa/alldfawebsitemedia/ourrolesandpolicies/ourwork/global-island/the-global-island-irelands-foreign-policy.pdf]
[media/dfa/publications/Global-Ireland---Irelands-Strategy-for-Africa-to-2025.pdf]
[media/dfa/ourrolepolicies/strategies/asiapacific/Asia-Pacific-Strategy.pdf]
[media/ireland/lacstrategy/LAC-Strategy-English.pdf]
[sites/default/files/are-you-eligible/ireland_fellows_programme_africa_2025-26_stage_1_guidance_note_1.pdf]
[sites/default/files/are-you-eligible/ireland_fellows_programme_africa_2025-26_stage_1_application_form.docx]
[sites/default/files/styles/case_study_profile/public/images/case-studies/profile-image/passport_pic_new4b39.jpg]
[strands/ireland-fellows-programme-africa.html]
[sites/default/files/are-you-eligible/ireland_fellows_programme_asia_2025-26_stage_1_guidance_note_1.pdf]
[sites/default/files/are-you-eligible/ireland_fellows_programme_asia_2025-2026_stage_1_application_form.docx]
[sites/default/files/styles/case_study_profile/public/images/case-studies/profile-image/khaing_profileeb28.png]
[strands/ireland-fellows-programme-asia.html]
[sites/default/files/are-you-eligible/ireland_fellows_programme_casement_directory_of_programmes_2025-26.pdf]
[sites/default/files/are-you-eligible/ireland_fellows_programme_casement_nigeria_2025-26_stage_1_guidance_note.pdf]
[sites/default/files/are-you-eligible/casement_fellowship_2025-26_stage_1_application_form.docx]
[casement-fellowship.html]
[sites/default/files/are-you-eligible/ireland_fellows_programme_courtney_2025-26_stage_1_guidance_note.pdf]
[sites/default/files/are-you-eligible/courtney_fellowship_2025-26_stage_1_application_form.docx]
[sites/default/files/styles/case_study_profile/public/images/case-studies/profile-image/jean_bosco_160d0e9.png]
[strands/courtney-fellowship.html]
[sites/default/files/are-you-eligible/ireland_fellows_programme_frank_ferguson_2025-26_stage_1_guidance_note.pdf]
[sites/default/files/are-you-eligible/ferguson_fellowship_2025-26_stage_1_application_form.docx]
[strands/frank-ferguson-fellowship-engineering.html]
[sites/default/files/are-you-eligible/kaf_programme_africa_2025-26_stage_1_guidance_note.pdf]
[sites/default/files/styles/case_study_profile/public/images/case-studies/profile-image/phumzile_profile1725.png]
[strands/kader-asmal-fellowship.html]
[sites/default/files/are-you-eligible/ifp_latin_america_2025-26_stage_1_guidance_note.pdf]
[sites/default/files/are-you-eligible/ireland_fellows_programme_latin_america_2025-26_stage_1_application_form.docx]
[sites/default/files/styles/case_study_profile/public/images/case-studies/profile-image/photo_case_study_icose643.jpg]
[strands/ireland-fellows-programme-latin-america.html]
[sites/default/files/are-you-eligible/ireland_fellows_programme_directory_of_programmes_2025-26_3.pdf]
[sites/default/files/are-you-eligible/ireland_fellows_programme_macbride_2025-26_stage_1_guidance_note.pdf]
[sites/default/files/are-you-eligible/macbride_fellowship_2025-26_stage_1_application_form.docx]
[strands/seán-macbride-fellowship.html]
[sites/default/files/are-you-eligible/ireland_fellows_programme_sids_2025-26_stage_1_guidance_note.pdf]
[sites/default/files/are-you-eligible/ireland_fellows_programme_sids_2025-26_stage_1_application_form.docx]
[sites/default/files/styles/case_study_profile/public/images/case-studies/profile-image/img_20211230_131321d6f7.jpg]
[strands/ireland-sids-fellows-programme.html]
[sites/default/files/styles/case_study_main_image/public/images/case-studies/main-image/bui_vinh_thang_0095cf5.jpg]
[case-studies/bui-vinh-thang.html]
[sites/default/files/styles/case_study_profile/public/images/case-studies/profile-image/yn_-_portrait_034da.jpg]
[alumni/alumni-facebook-group.html]
[alumni/alumni-associations.html]
[sites/default/files/styles/case_study_main_image/public/images/case-studies/main-image/20180417_152121ae5b.jpg]
[case-studies/aliyu-usman-0.html]
[sites/default/files/styles/case_study_main_image/public/images/case-studies/main-image/img_9125d369.jpg]
[case-studies/euclinton-ancheldásio-foliche.html]
[sites/default/files/styles/case_study_main_image/public/images/case-studies/main-image/20180822_170205_revisedc6d2.jpg]
[case-studies/dismas-ndayikengurukiye-0.html]
[sites/default/files/styles/case_study_main_image/public/images/case-studies/main-image/img-20221011-wa00752279e.jpg]
[case-studies/jitendra-sinha.html]
[sites/default/files/styles/case_study_main_image/public/images/case-studies/main-image/namara_ucd_main_gate_172c8.jpg]
[case-studies/naboth-namara.html]
[sites/default/files/styles/case_study_main_image/public/images/case-studies/main-image/thumbnail_image_18feb.jpg]
[case-studies/maha-abdallah.html]
[sites/default/files/styles/case_study_main_image/public/images/case-studies/main-image/f99b474a-8afe-463a-b118-b5d43dff4bbd0c5f.jpg]
[case-studies/twapashagha-mable-twea.html]
[sites/default/files/styles/case_study_main_image/public/images/case-studies/main-image/ucc_1_106b6.jpg]
[case-studies/getrude-dadirai-gwenzi.html]
[sites/default/files/styles/case_study_main_image/public/images/case-studies/main-image/jeremiah_sakala_1_02814.jpg]
[case-studies/jeremiah-sakala.html]
[sites/default/files/styles/case_study_main_image/public/images/case-studies/main-image/tuyet540x540_1a2a1.jpg]
[case-studies/truong-tuyet.html]
[sites/default/files/styles/case_study_main_image/public/images/case-studies/main-image/screenshot_524351.png]
[case-studies/anita-bitegeko.html]
[case-studies/khaled-quzmar.html]
[sites/default/files/styles/case_study_main_image/public/images/case-studies/main-image/khaled_quzmar02c9.jpg]
[sites/default/files/styles/case_study_main_image/public/images/case-studies/main-image/belaynesh3-2006-glendalough2da3.jpg]
[case-studies/dr-belaynesh-yifru.html]
[sites/default/files/styles/case_study_main_image/public/images/case-studies/main-image/screenshot_60c107.png]
[case-studies/agnes-alobo.html]
[sites/default/files/styles/case_study_main_image/public/images/case-studies/main-image/victor_makasa_10ee3.jpg]
[case-studies/victor-makasa.html]
[sites/default/files/styles/case_study_main_image/public/images/case-studies/main-image/rashid_sesay-01-adjusted-web_125b1.jpg]
[case-studies/rashid-sesay.html]
[sites/default/files/styles/case_study_main_image/public/images/case-studies/main-image/screenshot_3511bc.png]
[case-studies/sibongile-mtungwa.html]
[sites/default/files/styles/case_study_main_image/public/images/case-studies/main-image/screenshot_330833.png]
[case-studies/eiman-fadul.html]
[sites/default/files/styles/case_study_main_image/public/images/case-studies/main-image/bus_trip_group_shot_19991152.jpg]
[case-studies/dr-zubair-kabir.html]
[sites/default/files/styles/case_study_main_image/public/images/case-studies/main-image/peterbalimunsicomposite672_10fb4.jpg]
[case-studies/peter-balimunsi.html]
[photo5de4.html]
[sites/default/files/styles/case_study_main_image/public/images/case-studies/main-image/mekbib_kassahun_ethiopia62f7.jpg]
[case-studies/mekbib-mengesha-kassahun.html]
[sites/default/files/styles/case_study_profile/public/images/case-studies/profile-image/linny-dsc_0007-small_0d1b0.png]
[colleges/course-eligibility.html]
[sites/default/files/styles/case_study_main_image/public/images/case-studies/main-image/1_268d3.jpg]
[case-studies/belen-awdenegest-moges.html]
[colleges/college-view.html]
[sites/default/files/styles/case_study_main_image/public/images/case-studies/main-image/img-20220112-wa0026_1b681.jpg]
[case-studies/nickita-ishimwe-mukundwa.html]
[sites/default/files/styles/case_study_profile/public/images/case-studies/profile-image/krestaline176x16087a0.jpg]
[sites/default/files/styles/case_study_profile/public/images/case-studies/profile-image/img_20240102_191422a69c.jpg]
[sites/default/files/styles/case_study_profile/public/images/case-studies/profile-image/thumbnail_my-passport-photoa69a.jpg]
[sites/default/files/styles/case_study_profile/public/images/case-studies/profile-image/photo_1e7e0.jpg]
[sites/default/files/styles/case_study_profile/public/images/case-studies/profile-image/icos_2023-03-07_at_13.32.00ab99.jpg]
[sites/default/files/styles/case_study_profile/public/images/case-studies/profile-image/3ee5c.jpg]
[sites/default/files/styles/case_study_profile/public/images/case-studies/profile-image/pov-_160x176_for_ifp_case_story_002e141.jpg]
[sites/default/files/styles/case_study_profile/public/images/case-studies/profile-image/eva_2_14b8c.jpg]
[sites/default/files/styles/case_study_profile/public/images/case-studies/profile-image/profile_picture_-_yannickd945.jpg]
[sites/default/files/styles/case_study_profile/public/images/case-studies/profile-image/img_20220112_164847_91a74.jpg]
[sites/default/files/styles/case_study_profile/public/images/case-studies/profile-image/picture1a638.jpg]
[sites/default/files/styles/case_study_profile/public/images/case-studies/profile-image/annie_1f592.jpg]
[sites/default/files/styles/case_study_profile/public/images/case-studies/profile-image/photo_3jpg_002_144ae.jpg]
[sites/default/files/styles/case_study_profile/public/images/case-studies/profile-image/vathida_profile_01b9d.jpg]
[sites/default/files/styles/case_study_profile/public/images/case-studies/profile-image/profile_picturef424.jpg]
[sites/default/files/styles/case_study_profile/public/images/case-studies/profile-image/nyasha_profileefeb.png]
[sites/default/files/styles/case_study_profile/public/images/case-studies/profile-image/hien_portrait98d2.jpg]
[sites/default/files/styles/case_study_profile/public/images/case-studies/profile-image/vandi_profilea1a0.png]
[sites/default/files/styles/case_study_profile/public/images/case-studies/profile-image/denis_odota_profile400c.jpg]
[sites/default/files/styles/case_study_profile/public/images/case-studies/profile-image/aliyu_usman_-_160x176cbf9.jpg]
[sites/default/files/styles/case_study_profile/public/images/case-studies/profile-image/percy_main-crop13c68.jpg]
[sites/default/files/styles/case_study_profile/public/images/case-studies/profile-image/kimsru_cropeb1f.jpg]
[sites/default/files/styles/case_study_profile/public/images/case-studies/profile-image/phillemon1-crop_191ec.jpg]
[sites/default/files/styles/case_study_profile/public/images/case-studies/profile-image/catherine_-_profile1_0bc1b.jpg]
[sites/default/files/styles/case_study_profile/public/images/case-studies/profile-image/website_profile7287.jpg]
[sites/default/files/styles/case_study_profile/public/images/case-studies/profile-image/profile_image_joanne_muchai_1f8c5.jpg]
[sites/default/files/styles/case_study_profile/public/images/case-studies/profile-image/yamikani_3-crop5ebc.jpg]
[sites/default/files/styles/case_study_profile/public/images/case-studies/profile-image/flavian_photo-cropeb66.png]
[sites/default/files/styles/case_study_profile/public/images/case-studies/profile-image/img_0749-crop92b6.jpg]
[sites/default/files/styles/case_study_profile/public/images/case-studies/profile-image/chrissy2da89.jpg]
[sites/default/files/styles/case_study_profile/public/images/case-studies/profile-image/greerschoeman-160a05d.jpg]
[sites/default/files/styles/case_study_profile/public/images/case-studies/profile-image/michaelmiiro-160a037.jpg]
[sites/default/files/styles/case_study_profile/public/images/case-studies/profile-image/letuongvi-160953c.jpg]
[sites/default/files/styles/case_study_profile/public/images/case-studies/profile-image/trang-160ef12.jpg]
[sites/default/files/styles/case_study_profile/public/images/case-studies/profile-image/justinegraduation2-smalledc5.png]
[sites/default/files/styles/case_study_profile/public/images/case-studies/profile-image/dsc06656-phuong-small0617.png]
[sites/default/files/styles/case_study_profile/public/images/case-studies/profile-image/cong-160v4a593.jpg]
[sites/default/files/styles/case_study_profile/public/images/case-studies/profile-image/dscf3584-emmanuel-smallb292.png]
[sites/default/files/styles/case_study_profile/public/images/case-studies/profile-image/dscf2269-grace-small_0298b.png]
[sites/default/files/styles/case_study_profile/public/images/case-studies/profile-image/beatrice-160fdaa.jpg]
[sites/default/files/styles/case_study_profile/public/images/case-studies/profile-image/dscf2265-rachel-small9331.jpg]
[sites/default/files/styles/case_study_profile/public/images/case-studies/profile-image/dscf2285-mai-small8ba8.png]
[sites/default/files/styles/case_study_profile/public/images/case-studies/profile-image/jacobsmall316e.jpg]
[sites/default/files/styles/case_study_profile/public/images/case-studies/profile-image/dscf1294-christine-smalld241.jpg]
[sites/default/files/styles/case_study_profile/public/images/case-studies/profile-image/teboho-160_0de50.jpg]
[sites/default/files/styles/case_study_profile/public/images/case-studies/profile-image/steven_004_smallffc7.jpg]
[sites/default/files/styles/case_study_profile/public/images/case-studies/profile-image/ben-160cfe6.jpg]
[sites/default/files/styles/case_study_profile/public/images/case-studies/profile-image/lina-dscf9914-small24c5.png]
[sites/default/files/styles/case_study_profile/public/images/case-studies/profile-image/eunice-160fc4f.jpg]
[sites/default/files/styles/case_study_profile/public/images/case-studies/profile-image/solomon-160be61.jpg]
[case-studies.html]
[case-studies/elisa-castrillón-palacio-2.html]
[sites/default/files/styles/case_study_main_image/public/images/case-studies/main-image/dscf3566-sabaa74a.png]
[case-studies/saba-gebremedhin-hagos.html]
[sites/default/files/styles/newsletter_cover/public/images/newsletters/cover-images/the_link_11_cover_image_09e78.png]
[sites/default/files/styles/newsletter_cover/public/images/newsletters/cover-images/cover_image_18c25.jpg]
[sites/default/files/styles/newsletter_cover/public/images/newsletters/cover-images/cover_imagef2f4.jpg]
[sites/default/files/styles/newsletter_cover/public/images/newsletters/cover-images/issue08_coverddc1.jpg]
[sites/default/files/styles/newsletter_cover/public/images/newsletters/cover-images/issue07_coverfb11.jpg]
[sites/default/files/styles/newsletter_cover/public/images/newsletters/cover-images/issue_6_cover_image19b1.jpg]
[sites/default/files/styles/newsletter_cover/public/images/newsletters/cover-images/issue_5_cover_imageb47a.jpg]
[sites/default/files/styles/newsletter_cover/public/images/newsletters/cover-images/issue4cover_imageebf2.jpg]
[sites/default/files/styles/newsletter_cover/public/images/newsletters/cover-images/issue3cover_imageebd8.jpg]
[sites/default/files/styles/newsletter_cover/public/images/newsletters/cover-images/issue2cover_imagea2ca.jpg]
[newsletters.html]
[sites/default/files/styles/case_study_main_image/public/images/case-studies/main-image/sean_yates27e6.jpg]
[case-studies/sean-yates.html]
[sites/default/files/styles/case_study_main_image/public/images/case-studies/main-image/thao_doan_-_tudublin543b.jpg]
[case-studies/doan-thi-dieu-thao.html]
[sites/default/files/styles/case_study_main_image/public/images/case-studies/main-image/aouda563d1.jpg]
[case-studies/jeanne-aouda-zbeidy.html]
[sites/default/files/styles/case_study_main_image/public/images/case-studies/main-image/airtonicos56d1.jpg]
[case-studies/airton-hernany-lima-jesus.html]
[sites/default/files/styles/case_study_main_image/public/images/case-studies/main-image/whatsapp_image_2023-01-23_at_16.00.259e2d.jpg]
[case-studies/emmanuel-sandy.html]
[sites/default/files/styles/case_study_main_image/public/images/case-studies/main-image/khaing_main353e.png]
[case-studies/khaing-min-thant.html]
[sites/default/files/styles/case_study_main_image/public/images/case-studies/main-image/jean_bosco_672e0fe.jpg]
[case-studies/jean-bosco-harerimana.html]
[sites/default/files/styles/case_study_main_image/public/images/case-studies/main-image/phumzile_mainec0f.png]
[case-studies/phumzile-elizabeth-sokhela.html]
[sites/default/files/styles/case_study_main_image/public/images/case-studies/main-image/tcd_22528.jpg]
[case-studies/magdalena-sofia-wagner-manslau.html]
[strands/seán-macbride-fellowship-2.html]
[sites/default/files/styles/case_study_main_image/public/images/case-studies/main-image/ricardo_9b9c2.jpg]
[case-studies/ricardo-paredes.html]
[sites/default/files/styles/case_study_main_image/public/images/case-studies/main-image/yn_-_landscape3e1c.jpg]
[case-studies/yumi-casualina-nafe.html]
[sites/default/files/images/paragraphs/image-and-or-text-bundle/exec_photo_672wide.jpg]
[newsletters/issue-7/uganda-irish-alumni-association.html]
[sites/default/files/images/paragraphs/image-and-or-text-bundle/dscf0634-web.jpg]
[newsletters/issue-5/lesotho-former-fellows-gather-start-alumni-chapter.html]
[sites/default/files/images/paragraphs/image-and-or-text-bundle/ka_fellows_p8.jpg]
[newsletters/issue-10/irish-alumni-south-africa-launched.html]
[sites/default/files/images/paragraphs/image-and-or-text-bundle/vietnam-irelandalumni672.jpg]
[newsletters/issue-3/vietnam-ireland-alumni-network-launched.html]
[case-studies/euclinton-ancheldásio-foliche-2.html]
[rsrc.php/yT/r/aGT3gskzWBf.ico]
[rsrc.php/v5/ys/l/0,cross/7lC_0yHSWwbhL2c6RXd4ZU.css]
[data/manifest/index.html]
[rsrc.php/v4/yy/r/QYEP1kqgaxA.js]
[rsrc.php/v4i_054/y_/l/en_US/vJ4ASJCwfk5.js]
[rsrc.php/v4iQ6o4/yf/l/en_US/e_5RNZLu-ryLtZaCtoDh_fUe7dWMwY-Ls8bpMpUbYpvRzfNnTzO50VpiBXRRbB5sXFt3OoAgcyD9jR39FIoli629.js]
[rsrc.php/v4iMBQ4/yn/l/en_US/M1X48bCbFAg.js]
[rsrc.php/v4is2G4/yq/l/en_US/ddlCvhdzqJ6.js]
[rsrc.php/v4iJyb4/yv/l/en_US/78twXyiMC1n.js]
[rsrc.php/v4ijWq4/yS/l/en_US/Q2CSAMuDBmF.js]
[rsrc.php/v4/y5/r/Z7ZKnxztgUA.png]
[rsrc.php/v5/yK/l/0,cross/NBz_yxmSnxH.css]
[photo5de4.html]
[sites/default/files/styles/case_study_main_image/public/images/case-studies/main-image/krestaline_672x480ce53.jpg]
[case-studies/marie-krestaline-juliana-dedans.html]
[sites/default/files/styles/case_study_main_image/public/images/case-studies/main-image/img202309211318234cea.jpg]
[case-studies/stephen-sombi.html]
[sites/default/files/styles/case_study_main_image/public/images/case-studies/main-image/thumbnail_image_bad80.jpg]
[case-studies/bob-mwewa.html]
[sites/default/files/styles/case_study_main_image/public/images/case-studies/main-image/icos_2023-03-07_at_13.01.55b2aa.jpg]
[case-studies/dumsani-mthayiphi-dlamini.html]
[case-studies/aseel-marabeh.html]
[sites/default/files/styles/case_study_main_image/public/images/case-studies/main-image/new_pov_photo876c.jpg]
[case-studies/pov-pheung.html]
[sites/default/files/styles/case_study_main_image/public/images/case-studies/main-image/img_820919d1.jpg]
[case-studies/eva-borges-pereira.html]
[sites/default/files/styles/case_study_main_image/public/images/case-studies/main-image/landscape_photo_38b5.jpg]
[case-studies/yannick-memee.html]
[sites/default/files/styles/case_study_main_image/public/images/case-studies/main-image/kidden_bettye518.jpg]
[case-studies/kiden-betty-beneya-enosa.html]
[sites/default/files/styles/case_study_main_image/public/images/case-studies/main-image/julie_landscape_0528f.jpg]
[case-studies/julie-vatu.html]
[sites/default/files/styles/case_study_main_image/public/images/case-studies/main-image/annie_crop3291.jpg]
[case-studies/annie-zinenani-gumulira.html]
[sites/default/files/styles/case_study_main_image/public/images/case-studies/main-image/mmi_pic33bd.jpg]
[case-studies/mohamud-mohamed-ismail.html]
[sites/default/files/styles/case_study_main_image/public/images/case-studies/main-image/vathida_image_1_083df.jpg]
[case-studies/vathida-phonekeo.html]
[sites/default/files/styles/case_study_main_image/public/images/case-studies/main-image/landscape_photoc0bc.jpg]
[case-studies/keneuoe-maliehe.html]
[sites/default/files/styles/case_study_main_image/public/images/case-studies/main-image/nyasha_main341a.png]
[case-studies/nyasha-sanie.html]
[sites/default/files/styles/case_study_main_image/public/images/case-studies/main-image/hien_mainf5b6.png]
[case-studies/van-thi-minh-hien.html]
[sites/default/files/styles/case_study_main_image/public/images/case-studies/main-image/vandi_with_chief_justice_frank_clarke239c.png]
[case-studies/allieu-vandi-koroma.html]
[sites/default/files/styles/case_study_main_image/public/images/case-studies/main-image/denis_odota_main1eae.jpg]
[case-studies/denis-odota.html]
[sites/default/files/styles/case_study_main_image/public/images/case-studies/main-image/aliyu_usman_-_672x48054da.png]
[case-studies/aliyu-usman.html]
[sites/default/files/styles/case_study_main_image/public/images/case-studies/main-image/img_20161209_134845370ed04.jpg]
[case-studies/percy-tawanda-ngwerume.html]
[sites/default/files/styles/case_study_main_image/public/images/case-studies/main-image/kimsru_main_image8a7d.jpg]
[case-studies/duth-kimsru.html]
[sites/default/files/styles/case_study_main_image/public/images/case-studies/main-image/phillemon3-crop_0d2de.jpg]
[case-studies/phillemon-sithole.html]
[sites/default/files/styles/case_study_main_image/public/images/case-studies/main-image/catherine_-_wide_1a3569.jpg]
[case-studies/catherine-georgina-thomas.html]
[photoe4c2.html]
[sites/default/files/styles/case_study_main_image/public/images/case-studies/main-image/website_main_1e7d1.jpg]
[case-studies/givemore-mhlanga.html]
[sites/default/files/styles/case_study_main_image/public/images/case-studies/main-image/main_image_1_joanne_muchai5840.jpg]
[case-studies/joanne-muchai.html]
[sites/default/files/styles/case_study_main_image/public/images/case-studies/main-image/yamikani_34802.jpg]
[case-studies/yamikani-kadammanja.html]
[sites/default/files/styles/case_study_main_image/public/images/case-studies/main-image/flavian_photo7f6d.png]
[case-studies/flavian-majenga-lihwa.html]
[sites/default/files/styles/case_study_main_image/public/images/case-studies/main-image/img_0749cf22.jpg]
[case-studies/jane-frances-abodo.html]
[sites/default/files/styles/case_study_main_image/public/images/case-studies/main-image/chrissy3a25d.jpg]
[case-studies/chrissy-munandalu-hilweele.html]
[sites/default/files/styles/case_study_main_image/public/images/case-studies/main-image/greerschoeman-672a1a1.jpg]
[case-studies/greer-schoeman.html]
[sites/default/files/styles/case_study_main_image/public/images/case-studies/main-image/michaelmiiro-67203d3.jpg]
[case-studies/michael-miiro.html]
[sites/default/files/styles/case_study_main_image/public/images/case-studies/main-image/letuongvi-672ce9b.jpg]
[case-studies/le-tuong-vi.html]
[sites/default/files/styles/case_study_main_image/public/images/case-studies/main-image/trang-672-sharpbd61.jpg]
[case-studies/nguyen-thi-phuong-trang.html]
[sites/default/files/styles/case_study_main_image/public/images/case-studies/main-image/justinegraduation1874b.png]
[case-studies/justine-van-rooyen.html]
[sites/default/files/styles/case_study_main_image/public/images/case-studies/main-image/phuong-672d160.jpg]
[case-studies/nguyen-ha-phuong.html]
[sites/default/files/styles/case_study_main_image/public/images/case-studies/main-image/cong-672v3b771.jpg]
[case-studies/vu-thanh-cong.html]
[sites/default/files/styles/case_study_main_image/public/images/case-studies/main-image/dscf3584-emmanuelfac0.png]
[case-studies/emmanuel-kanchewa.html]
[sites/default/files/styles/case_study_main_image/public/images/case-studies/main-image/dscf2269-grace_16718.png]
[case-studies/grace-namukonde.html]
[sites/default/files/styles/case_study_main_image/public/images/case-studies/main-image/beatrice-6725295.jpg]
[case-studies/beatrice-mateyo-mkanda.html]
[sites/default/files/styles/case_study_main_image/public/images/case-studies/main-image/dscf2265-rachela9ad.png]
[case-studies/rachel-bikhole.html]
[sites/default/files/styles/case_study_main_image/public/images/case-studies/main-image/dscf2287-maif606.png]
[case-studies/vu-thanh-mai.html]
[sites/default/files/styles/case_study_main_image/public/images/case-studies/main-image/jacoblarge91f1.jpg]
[case-studies/jacob-ngowi.html]
[sites/default/files/styles/case_study_main_image/public/images/case-studies/main-image/dscf1294-christine7536.jpg]
[case-studies/christine-sinyangwe.html]
[sites/default/files/styles/case_study_main_image/public/images/case-studies/main-image/teboho-672_0ac7f.jpg]
[case-studies/teboho-lekatsa.html]
[sites/default/files/styles/case_study_main_image/public/images/case-studies/main-image/steven_0044da9.jpg]
[case-studies/steven-nyirenda.html]
[sites/default/files/styles/case_study_main_image/public/images/case-studies/main-image/ben-6720ae3.jpg]
[case-studies/ben-koryang-baatom.html]
[sites/default/files/styles/case_study_main_image/public/images/case-studies/main-image/lina-dscf99144364.png]
[case-studies/lina-mbewe.html]
[sites/default/files/styles/case_study_main_image/public/images/case-studies/main-image/eunice-672a0db.jpg]
[case-studies/eunice-tumwebaze.html]
[sites/default/files/styles/case_study_main_image/public/images/case-studies/main-image/solomon-67257bd.jpg]
[case-studies/solomon-belete-tekola.html]
[sites/default/files/newsletters/pdfs/the_link_issue_11.pdf]
[sites/default/files/images/newsletters/cover-images/the_link_11_cover_image_0.png]
[newsletters/issue-11.html]
[sites/default/files/newsletters/pdfs/the_link_issue_10.pdf]
[sites/default/files/images/newsletters/cover-images/cover_image_1.jpg]
[newsletters/issue-10.html]
[photo4ac8.html]
[sites/default/files/newsletters/pdfs/the_link_issue_9.pdf]
[sites/default/files/images/newsletters/cover-images/cover_image.jpg]
[newsletters/issue-9.html]
[sites/default/files/newsletters/pdfs/the_link_issue_8_-_final_1.pdf]
[sites/default/files/images/newsletters/cover-images/issue08_cover.jpg]
[newsletters/issue-8.html]
[sites/default/files/newsletters/pdfs/irishaidfellowshipalumninewsletter-issue07.pdf]
[sites/default/files/images/newsletters/cover-images/issue07_cover.jpg]
[newsletters/issue-7.html]
[sites/default/files/newsletters/pdfs/irishaidfellowshipalumninewsletter-issue06.pdf]
[sites/default/files/images/newsletters/cover-images/issue_6_cover_image.jpg]
[newsletters/issue-6.html]
[sites/default/files/newsletters/pdfs/irishaidfellowshipalumninewsletterissue05-finalprint.pdf]
[sites/default/files/images/newsletters/cover-images/issue_5_cover_image.jpg]
[newsletters/issue-5.html]
[sites/default/files/newsletters/pdfs/alumni_newsletter_04_winter_2012.pdf]
[sites/default/files/images/newsletters/cover-images/issue4cover_image.jpg]
[newsletters/issue-4.html]
[sites/default/files/newsletters/pdfs/alumni_newsletter_03_summer_2012.pdf]
[sites/default/files/images/newsletters/cover-images/issue3cover_image.jpg]
[newsletters/issue-3.html]
[sites/default/files/newsletters/pdfs/alumni_newsletter_02_autumn_2011.pdf]
[sites/default/files/images/newsletters/cover-images/issue2cover_image.jpg]
[newsletters/issue-2.html]
[sites/default/files/styles/newsletter_cover/public/images/newsletters/cover-images/issue1cover_imageab0e.jpg]
[newsletters2679.html]
[sites/default/files/images/paragraphs/image-and-or-text-bundle/tuyet540x540.jpg]
[newsletters/issue-7/staying-connected-truong-tuyet-vietnam.html]
[newsletters/issue-7/long-time-fellowship-supporter-retire.html]
[sites/default/files/images/paragraphs/image-and-or-text-bundle/76_buswa-web.jpg]
[sites/default/files/images/paragraphs/image-and-or-text-bundle/uganda_4-web.jpg]
[newsletters/issue-5/spotlight-education.html]
[sites/default/files/images/paragraphs/image-and-or-text-bundle/graduation_ucd-all-web.jpg]
[newsletters/issue-5/irish-aid-fellows-conferred-hanoi-vietnam.html]
[sites/default/files/images/paragraphs/image-and-or-text-bundle/img_3778.jpg]
[sites/default/files/images/paragraphs/image-and-or-text-bundle/website_tile_0.jpg]
[newsletters/issue-10/christmas-party-2017.html]
[sites/default/files/images/paragraphs/image-and-or-text-bundle/courtney_fellows_p9.jpg]
[newsletters/issue-10/new-alumni-chapter-burundi.html]
[sites/default/files/images/paragraphs/image-and-or-text-bundle/limerickfullgroup672.jpg]
[newsletters/issue-3/fellows-discuss-irish-aid-priorities.html]
[index-3.html]
[index-4.html]
[photoe4c2.html]
[strands/ideas-strand-2.html]
[sites/default/files/images/paragraphs/image-and-or-text-bundle/fellows_with_minister_cannon.jpg]
[sites/default/files/images/paragraphs/image-and-or-text-bundle/mos_ciaran_cannon_and_fiona_gilsenan.jpg]
[sites/default/files/images/paragraphs/image-and-or-text-bundle/nyasha_sanie.jpg]
[sites/default/files/images/paragraphs/image-and-or-text-bundle/ia_and_icos_with_ka_fellows.jpg]
[sites/default/files/images/paragraphs/image-and-or-text-bundle/some_of_2017_vietnamese_fellows.jpg]
[sites/default/files/images/paragraphs/image-and-or-text-bundle/lenin_and_catherine.jpg]
[newsletters/issue-11/fellows-meet-minister-state-ciaran-cannon-td.html]
[sites/default/files/images/paragraphs/image-and-or-text-bundle/2016_fellow_from_palestine_maha_abdallah_on_her_graduation_day_at_nui_galway.jpg]
[newsletters/issue-11/introducing-new-palestine-scholarship-programme.html]
[sites/default/files/images/paragraphs/image-and-or-text-bundle/sibongile_mtungwa.jpg]
[newsletters/issue-11/staying-connected-sibongile-mtungwa.html]
[sites/default/files/images/paragraphs/image-and-or-text-bundle/courtney_fellows_with_ambassador_paul_sherlock.jpg]
[sites/default/files/images/paragraphs/image-and-or-text-bundle/members_of_the_uganda_irish_alumni_association.jpg]
[newsletters/issue-11/alumni-activity.html]
[sites/default/files/images/paragraphs/image-and-or-text-bundle/kimmage_dsc.jpg]
[newsletters/issue-11/kimmage-dsc-moves-maynooth-university.html]
[sites/default/files/images/paragraphs/image-and-or-text-bundle/teachers_making_a_difference_1.jpg]
[newsletters/issue-11/teachers-making-difference-uganda-travel-ireland.html]
[sites/default/files/images/paragraphs/image-and-or-text-bundle/cit_the_courtyard_6_june_2018_3.jpg]
[newsletters/issue-11/college-spotlight-cork-institute-technology.html]
[sites/default/files/images/paragraphs/image-and-or-text-bundle/mandela_1_-_credit_louise_gubb.png]
[sites/default/files/images/paragraphs/image-and-or-text-bundle/mandela_5.png]
[sites/default/files/images/paragraphs/image-and-or-text-bundle/mandela_6_sml.jpg]
[sites/default/files/images/paragraphs/image-and-or-text-bundle/mandela_4_sml.jpg]
[newsletters/issue-11/nelson-mandela-exhibition-opens-dublin.html]
[sites/default/files/images/paragraphs/image-and-or-text-bundle/felix_graduation_photo.png]
[sites/default/files/images/paragraphs/image-and-or-text-bundle/beatrice_kampire_2015.jpg]
[sites/default/files/images/paragraphs/image-and-or-text-bundle/samwel_korinja_olekao_tanzania_2015_awardee_copy1.jpg]
[newsletters/issue-11/recent-graduations.html]
[sites/default/files/images/paragraphs/image-and-or-text-bundle/p1_combine.jpg]
[sites/default/files/images/paragraphs/image-and-or-text-bundle/p3_combine.jpg]
[sites/default/files/images/paragraphs/image-and-or-text-bundle/vietnamese_fellows_p3.jpg]
[newsletters/issue-10/irish-aid-welcomes-2017-fellows-dublin-castle-event.html]
[sites/default/files/images/paragraphs/image-and-or-text-bundle/icos_visits_1_p2.jpg]
[sites/default/files/images/paragraphs/image-and-or-text-bundle/icos_visits_2_p2.jpg]
[sites/default/files/images/paragraphs/image-and-or-text-bundle/icos_visits_3_p2.jpg]
[sites/default/files/images/paragraphs/image-and-or-text-bundle/icos_visits_4_p3.jpg]
[newsletters/issue-10/icos-visits-fellows-their-colleges.html]
[sites/default/files/images/paragraphs/image-and-or-text-bundle/zubair_combine.jpg]
[newsletters/issue-10/staying-connected-dr-zubair-kabir.html]
[sites/default/files/images/paragraphs/image-and-or-text-bundle/teachers_making_a_difference_p6_1.jpg]
[newsletters/issue-10/teachers-making-difference-uganda.html]
[sites/default/files/images/paragraphs/image-and-or-text-bundle/graduation_p10.jpg]
[sites/default/files/images/paragraphs/image-and-or-text-bundle/graduation_p11.jpg]
[newsletters/issue-10/recent-graduations.html]
[sites/default/files/images/paragraphs/image-and-or-text-bundle/happy_christmas_from_icos.jpg]
[newsletters/issue-10/happy-christmas-irish-aid-icos.html]
[sites/default/files/images/paragraphs/image-and-or-text-bundle/fellows_welcomed_to_iveagh_house_1.jpg]
[newsletters/issue-9/fellows-welcomed-iveagh-house.html]
[photo4ac8.html]
[sites/default/files/images/paragraphs/image-and-or-text-bundle/jeremiah_sakala_1.jpg]
[newsletters/issue-9/staying-connected-jeremiah-ben-mumandwe-sakala.html]
[sites/default/files/images/paragraphs/image-and-or-text-bundle/ul_logo_3.jpg]
[sites/default/files/images/paragraphs/image-and-or-text-bundle/ul_4.jpg]
[newsletters/issue-9/college-spotlight-university-limerick.html]
[sites/default/files/images/paragraphs/image-and-or-text-bundle/ia_supports_to_education.jpg]
[newsletters/issue-9/irish-aid-support-education.html]
[sites/default/files/images/paragraphs/image-and-or-text-bundle/kimsru_1.jpg]
[sites/default/files/images/paragraphs/image-and-or-text-bundle/kimru_3.jpg]
[newsletters/issue-9/pepy-empowering-youth-irish-cambodian-partnership.html]
[sites/default/files/images/paragraphs/image-and-or-text-bundle/fellowship_news_-_ideas.jpg]
[sites/default/files/images/paragraphs/image-and-or-text-bundle/fellowship_news_-_lanith.jpg]
[newsletters/issue-9/fellowship-news.html]
[sites/default/files/images/paragraphs/image-and-or-text-bundle/casement_1.jpg]
[newsletters/issue-9/introducing-irish-aid-roger-casement-fellowship-nigeria.html]
[sites/default/files/images/paragraphs/image-and-or-text-bundle/10_1.jpg]
[sites/default/files/images/paragraphs/image-and-or-text-bundle/checker_for_website_0.jpg]
[newsletters/issue-9/irish-aid-fellowship-st-patrick’s-day-party.html]
[sites/default/files/images/paragraphs/image-and-or-text-bundle/ftp_crop.jpg]
[sites/default/files/images/paragraphs/image-and-or-text-bundle/farmleigh_crop-horz.jpg]
[newsletters/issue-8/fellowship-orientation-held-farmleigh-house-dublin.html]
[sites/default/files/images/paragraphs/image-and-or-text-bundle/khaled_quzmar.jpg]
[sites/default/files/images/paragraphs/image-and-or-text-bundle/khaled_in_ramallah_crop.jpg]
[newsletters/issue-8/staying-connected-khaled-quzmar.html]
[sites/default/files/images/paragraphs/image-and-or-text-bundle/gene_crop.jpg]
[wp-content/uploads/Gene_NationalReport-Ireland.305.delayed]
[newsletters/issue-8/irish-aid-launch-new-development-education-strategy.html]
[sites/default/files/images/paragraphs/image-and-or-text-bundle/intl_educ_crop.jpg]
[newsletters/issue-8/new-irish-international-education-strategy-launched.html]
[sites/default/files/images/paragraphs/image-and-or-text-bundle/jpmj_crop.jpg]
[newsletters/issue-8/protecting-world’s-endangered-mountain-gorillas.html]
[sites/default/files/images/paragraphs/image-and-or-text-bundle/kimmage_manor_crop.jpg]
[newsletters/issue-8/kdsc.html]
[sites/default/files/images/paragraphs/image-and-or-text-bundle/uiaa_dfat_crop.jpg]
[sites/default/files/images/paragraphs/image-and-or-text-bundle/uiaa_tcd_crop-horz.jpg]
[newsletters/issue-8/uganda-irish-alumni-association-visit-ireland.html]
[sites/default/files/images/paragraphs/image-and-or-text-bundle/happy_christmas_from_irish_aid_and_icos.jpg]
[newsletters/issue-8/happy-christmas-irish-aid-icos.html]
[sites/default/files/images/paragraphs/image-and-or-text-bundle/covermontage_0.jpg]
[newsletters/issue-7/welcome-sierra-leone-welcome-myanmar.html]
[sites/default/files/images/paragraphs/image-and-or-text-bundle/cookingstickgroup-672x480_0.jpg]
[sites/default/files/images/paragraphs/image-and-or-text-bundle/george_with_cooking_stick_0.jpg]
[newsletters/issue-7/zambian-cooking-stick-has-special-place-ireland.html]
[sites/default/files/images/paragraphs/image-and-or-text-bundle/irishaidvolfair672wide.jpg]
[newsletters/issue-7/irish-aid-volunteering-initiative.html]
[newsletters/issue-7/college-spotlight-trinity-college-dublin.html]
[sites/default/files/images/paragraphs/image-and-or-text-bundle/kaderasmalgroup.jpg]
[newsletters/issue-7/irish-embassy-south-africa-sends-2014-kader-asmal-fellows.html]
[sites/default/files/images/paragraphs/image-and-or-text-bundle/vietnam_culture_night_group_0.jpg]
[newsletters/issue-6/ideas-fellows-build-fund-raising-tradition.html]
[sites/default/files/images/paragraphs/image-and-or-text-bundle/anita.jpg]
[newsletters/issue-6/staying-connected-anita-bitegeko.html]
[sites/default/files/images/paragraphs/image-and-or-text-bundle/davida_sierra_leone_launch.jpg]
[newsletters/issue-6/irish-aid-launches-fellowship-training-programme-sierra-leone.html]
[newsletters/issue-6/health-using-mobile-phones-improve-care-expectant-mothers.html]
[sites/default/files/images/paragraphs/image-and-or-text-bundle/haiyan_destruction.jpg]
[newsletters/issue-6/focus-how-irish-aid-responds-emergencies.html]
[sites/default/files/images/paragraphs/image-and-or-text-bundle/img_2724-672x480.jpg]
[newsletters/issue-6/new-fellows-uganda-receive-good-wishes-and-advice-alumni-embassy-event.html]
[sites/default/files/images/paragraphs/image-and-or-text-bundle/800px-dit_faculty_of_science-672x480.jpg]
[newsletters/issue-6/college-spotlight-dublin-institute-technology.html]
[newsletters/issue-6/our-world-awards-raise-development-awareness-schools.html]
[newsletters/issue-5/irish-aid-review-endorses-fellowships.html]
[sites/default/files/images/paragraphs/image-and-or-text-bundle/oneworldonefuturecover250.jpg]
[sites/default/files/images/paragraphs/image-and-or-text-bundle/vietnam_outgoing_group-web.jpg]
[newsletters/issue-5/alumni-and-embassy-help-new-fellows-prepare.html]
[sites/default/files/images/paragraphs/image-and-or-text-bundle/new-policy-main-image-460x325.jpg]
[sites/default/files/images/paragraphs/image-and-or-text-bundle/eamon-gilmore-nora-owens-joe-costello-one-world-one-future-policy-launch-460x250.jpg]
[newsletters/issue-5/ireland-launches-new-development-policy.html]
[sites/default/files/images/paragraphs/image-and-or-text-bundle/rashid_sesay-01-adjusted-web.jpg]
[sites/default/files/images/paragraphs/image-and-or-text-bundle/rashid_sesay-21-web.jpg]
[newsletters/issue-5/staying-connected-rashid-sesay.html]
[sites/default/files/images/paragraphs/image-and-or-text-bundle/university-college-cork-panorama-2012bjorn_christian_torrissen-web.jpg]
[sites/default/files/images/paragraphs/image-and-or-text-bundle/students_centre.jpg]
[newsletters/issue-5/college-spotlight-university-college-cork.html]
[newsletters/issue-5/dublin-hosts-major-conference-hunger-nutrition-and-climate-justice.html]
[sites/default/files/images/paragraphs/image-and-or-text-bundle/reportcover-web.jpg]
[sites/default/files/images/paragraphs/image-and-or-text-bundle/fellowshipgroup-2012-672.jpg]
[newsletters/issue-4/welcoming-2012-13-irish-aid-fellows.html]
[sites/default/files/images/paragraphs/image-and-or-text-bundle/vietnam_returned_fellows2-672.jpg]
[newsletters/issue-4/returned-fellows-invited-ideas-exchange.html]
[sites/default/files/images/paragraphs/image-and-or-text-bundle/snowy-tree-small.jpg]
[newsletters/issue-4/seasons-greetings.html]
[newsletters/issue-4/sad-loss-uganda-alumni-group.html]
[sites/default/files/images/paragraphs/image-and-or-text-bundle/belaynesh3-2006-glendalough.jpg]
[sites/default/files/images/paragraphs/image-and-or-text-bundle/belaynesh1-edit.jpg]
[newsletters/issue-4/staying-connected-belaynesh-yifru.html]
[sites/default/files/images/paragraphs/image-and-or-text-bundle/malawi_smallholder_growing_groundnuts_672.jpg]
[newsletters/issue-4/spotlight-agriculture.html]
[sites/default/files/images/paragraphs/image-and-or-text-bundle/rex-photo-672.jpg]
[newsletters/issue-4/your-master’s-degree-key.html]
[sites/default/files/images/paragraphs/image-and-or-text-bundle/henrygrattanbuilding-672.jpg]
[sites/default/files/images/paragraphs/image-and-or-text-bundle/albert_college_front1-dominik_roblek-crop.jpg]
[sites/default/files/images/paragraphs/image-and-or-text-bundle/the_helix2-672.jpg]
[newsletters/issue-4/college-spotlight-dublin-city-university-dcu.html]
[sites/default/files/images/paragraphs/image-and-or-text-bundle/ul_world_aids_018-672.jpg]
[newsletters/issue-4/world-aids-day-2012.html]
[sites/default/files/images/paragraphs/image-and-or-text-bundle/moscostello672.jpg]
[newsletters/issue-3/“building-bond-lasts-lifetime”.html]
[sites/default/files/images/paragraphs/image-and-or-text-bundle/envet2008rmozamuge_wanbera_tending_tree_nurserybale_mountains01-672.jpg]
[newsletters/issue-3/spotlight-environment-and-climate-change.html]
[sites/default/files/images/paragraphs/image-and-or-text-bundle/victor_makasa.jpg]
[newsletters/issue-3/staying-connected-victor-makasa.html]
[sites/default/files/images/paragraphs/image-and-or-text-bundle/minister_with_king_of_lesotho_672.jpg]
[newsletters/issue-3/visit-cements-biliateral-links-ireland’s-longest-running-aid-programme.html]
[sites/default/files/images/paragraphs/image-and-or-text-bundle/quadrangle_-_phalinn_ooi-672.jpg]
[sites/default/files/images/paragraphs/image-and-or-text-bundle/health_science_nuig672.jpg]
[newsletters/issue-3/college-spotlight-nui-galway.html]
[sites/default/files/images/paragraphs/image-and-or-text-bundle/africa_day_1_672.jpg]
[sites/default/files/images/paragraphs/image-and-or-text-bundle/africa_day_2_672.jpg]
[newsletters/issue-3/ireland-celebrates-africa-day-style.html]
[newsletters/issue-3/white-paper-review-underway.html]
[sites/default/files/images/paragraphs/image-and-or-text-bundle/adscf1045-672.jpg]
[sites/default/files/images/paragraphs/image-and-or-text-bundle/adscf0790-672.jpg]
[newsletters/issue-2/welcoming-2011-fellows.html]
[newsletters/issue-2/building-online-alumni-network.html]
[sites/default/files/images/paragraphs/image-and-or-text-bundle/peterbalimunsicomposite672.jpg]
[newsletters/issue-2/staying-connected-peter-balimunsi.html]
[sites/default/files/images/paragraphs/image-and-or-text-bundle/irish_aid_study_006-672.jpg]
[newsletters/issue-2/fellows-and-irish-aid-link-limerick.html]
[sites/default/files/images/paragraphs/image-and-or-text-bundle/malawiembassygettogether-672.jpg]
[newsletters/issue-2/embassy-updates.html]
[sites/default/files/images/paragraphs/image-and-or-text-bundle/belfield_arts_block_672.jpg]
[newsletters/issue-2/college-spotlight-university-college-dublin-ucd.html]
[sites/default/files/images/paragraphs/image-and-or-text-bundle/irish_aid-malawi-barbee-june2011-672.jpg]
[newsletters/issue-2/minister-affirms-government-commitment-fight-global-poverty.html]
[sites/default/files/images/paragraphs/image-and-or-text-bundle/tanaiste2-tanzania-barbee044.jpg]
[newsletters/issue-2/nutrition-central-tanzania-partnership.html]
[sites/default/files/newsletters/pdfs/alumni_newsletter_01_winter_2010.pdf]
[sites/default/files/images/newsletters/cover-images/issue1cover_image.jpg]
[newsletters/issue-1.html]
[newsletters/issue-9/irish-aid-fellowship-st-patrick’s-day-party-2.html]
[newsletters/issue-8/protecting-world’s-endangered-mountain-gorillas-2.html]
[sites/default/files/images/paragraphs/image-and-or-text-bundle/img_2164_0.jpg]
[sites/default/files/images/paragraphs/image-and-or-text-bundle/christmas_-_website.jpg]
[Christmas-party-2016.html]
[newsletters/issue-4/your-master’s-degree-key-2.html]
[newsletters/issue-3/“building-bond-lasts-lifetime”-2.html]
[newsletters/issue-3/visit-cements-biliateral-links-ireland’s-longest-running-aid-programme-2.html]
[sites/default/files/images/paragraphs/image-and-or-text-bundle/peter_power_signature.jpg]
[newsletters/issue-1/welcome-minister-peter-power-td.html]
[newsletters/issue-1/welcome-sheila-power-icos.html]
[sites/default/files/images/paragraphs/image-and-or-text-bundle/p3-groupshot-2010ftp.jpg]
[newsletters/issue-1/meet-2010-11-irish-aid-study-fellows.html]
[newsletters/issue-1/why-irish-aid-alumni-network.html]
[sites/default/files/images/paragraphs/image-and-or-text-bundle/agnespicture002-672.jpg]
[newsletters/issue-1/keeping-links-alive-building-alumni-network-uganda.html]
[sites/default/files/images/paragraphs/image-and-or-text-bundle/getu_672x480.jpg]
[newsletters/issue-1/heritage-management-ethiopia-benefits-fellow’s-irish-experience.html]
[newsletters/issue-1/new-malawian-fellows-get-embassy-invite.html]
[sites/default/files/images/paragraphs/image-and-or-text-bundle/1000_days_672.jpg]
[newsletters/issue-1/millenium-development-goals-ireland-and-us-host-1000-days-event-reducing-child.html]
[newsletters/issue-1/heritage-management-ethiopia-benefits-fellow’s-irish-experience-2.html]
[sites/all/themes/custom/weather/favicon.ico]
[sites/all/modules/contrib/jquery_update/replace/jquery/1.12/jquery.minfac2.js]
[sites/all/libraries/flexslider/jquery.flexslider-min8bb9.js]
[sites/all/modules/contrib/views/css/views8bb9.css]
[sites/default/files/styles/slider_image/public/images/blocks/sliders/iaf_with_ruairi_de_burca3-crop4c40.png]
[sites/default/files/styles/slider_image/public/images/blocks/sliders/fileddd5.png]
[sites/default/files/styles/slider_image/public/images/blocks/sliders/gedc0234a58c.png]
[sites/all/modules/contrib/cookiebot/css/cookiebot8bb9.css]
[sites/default/files/styles/slider_image/public/images/blocks/sliders/instagram_irelandfellows6adf.png]
[sites/default/files/styles/slider_image/public/images/blocks/sliders/nigeria_2c793.jpg]
[sites/default/files/styles/slider_image/public/images/blocks/sliders/groupdf36.jpg]
[sites/all/modules/contrib/ctools/images/status-active.gif]
[sites/default/files/styles/slider_image/public/images/blocks/sliders/zambia_2fb78.jpg]
[sites/all/modules/contrib/ctools/css/ctools8bb9.css]
[sites/default/files/styles/case_study_profile/public/images/case-studies/profile-image/dismas_profile8c97.png]
[sites/default/files/images/paragraphs/image-and-or-text-bundle/our_programmes.png]
[sites/default/files/images/paragraphs/image-and-or-text-bundle/output-onlinepngtools_7.png]
[sites/default/files/are-you-eligible/ireland_fellows_programme_directory_of_programmes_2025-26.pdf]
[sites/default/files/are-you-eligible/ireland_fellows_programme_directory_of_programmes_2025-26_0.pdf]
[sites/default/files/are-you-eligible/ireland_fellows_programme_directory_of_programmes_2025-26_1.pdf]
[sites/default/files/are-you-eligible/ireland_fellows_programme_directory_of_programmes_2025-26_2.pdf]
[sites/default/files/are-you-eligible/ireland_fellows_programme_directory_of_programmes_2025-26_4.pdf]
[sites/all/modules/contrib/panels/css/panels8bb9.css]
[sites/default/files/styles/case_study_profile/public/images/case-studies/profile-image/bui_vinh_thang_009-cropa57f.jpg]
[sites/default/files/styles/case_study_profile/public/images/case-studies/profile-image/screenshot_65881d.png]
[sites/default/files/styles/case_study_profile/public/images/case-studies/profile-image/tuyet540x540_15c86.jpg]
[sites/default/files/styles/case_study_profile/public/images/case-studies/profile-image/screenshot_52d304.png]
[sites/all/modules/contrib/wysiwyg_linebreaks/wysiwyg_linebreaks8bb9.css]
[sites/default/files/styles/case_study_profile/public/images/case-studies/profile-image/screenshot_647796.png]
[sites/default/files/styles/case_study_profile/public/images/case-studies/profile-image/screenshot_3561ab.png]
[sites/default/files/styles/case_study_profile/public/images/case-studies/profile-image/screenshot_33a088.png]
[sites/default/files/styles/case_study_profile/public/images/case-studies/profile-image/image000014e13.jpg]
[sites/all/modules/contrib/flexslider/assets/css/flexslider_img8bb9.css]
[sites/default/files/images/paragraphs/image-and-or-text-bundle/iaf_with_ruairi_de_burca.png]
[sites/default/files/images/paragraphs/image-and-or-text-bundle/ftp_2018.png]
[sites/default/files/images/paragraphs/image-and-or-text-bundle/ideas_2018.png]
[sites/default/files/images/paragraphs/image-and-or-text-bundle/kader_asmal_2018.png]
[sites/default/files/images/paragraphs/image-and-or-text-bundle/palestine_scholarship_programme_2018.png]
[sites/all/libraries/flexslider/fonts/flexslider-icon.eot]
[sites/default/files/images/paragraphs/image-and-or-text-bundle/mwangi_fellow_2018.png]
[sites/default/files/images/paragraphs/image-and-or-text-bundle/casement_fellow_2018.png]
[sites/default/files/images/paragraphs/image-and-or-text-bundle/courtney_fellow_2018.png]
[sites/default/files/images/paragraphs/image-and-or-text-bundle/2017_fellows_at_ia_orientation_2018-crop.png]
[sites/default/files/images/paragraphs/image-and-or-text-bundle/viewallcasestudiesgraphic304.jpg]
[sites/default/files/styles/case_study_main_image/public/images/case-studies/main-image/linny-testfd7e.png]
[sites/default/files/styles/case_study_main_image/public/images/case-studies/main-image/photo_29226.jpg]
[sites/all/libraries/flexslider/fonts/flexslider-icond41d.eot]
[sites/default/files/styles/case_study_main_image/public/images/case-studies/main-image/dismas_main0877.png]
[sites/default/files/styles/case_study_profile/public/images/case-studies/profile-image/dscf3566-saba-small5b7b.png]
[sites/default/files/newsletters/pdfs/ireland_fellows_programme_book_1974-2024.pdf]
[sites/default/files/images/newsletters/cover-images/1727887140833.jpg]
[sites/default/files/styles/case_study_profile/public/images/case-studies/profile-image/thi_dieu_thao_doan_-_160176b6fd.jpg]
[sites/default/files/styles/case_study_profile/public/images/case-studies/profile-image/sean_obrian_wright_yates_13548_photo87c8.jpg]
[sites/default/files/styles/case_study_profile/public/images/case-studies/profile-image/aouda60ece.jpg]
[sites/all/libraries/flexslider/fonts/flexslider-icon.woff]
[sites/default/files/styles/case_study_main_image/public/images/case-studies/main-image/desireernestlinessmpanje-6722816.jpg]
[sites/default/files/styles/case_study_profile/public/images/case-studies/profile-image/profile_icos1455.png]
[media/dfa/publications/Global-Ireland---Irelands-Strategy-for-Africa-to-2025.pdf]
[media/dfa/alldfawebsitemedia/ourrolesandpolicies/ourwork/global-island/the-global-island-irelands-foreign-policy.pdf]
[media/dfa/ourrolepolicies/strategies/asiapacific/Asia-Pacific-Strategy.pdf]
[media/ireland/lacstrategy/LAC-Strategy-English.pdf]
[sites/default/files/are-you-eligible/ireland_fellows_programme_africa_2025-26_stage_1_guidance_note_1.pdf]
[sites/all/libraries/flexslider/fonts/flexslider-icon.ttf]
[sites/default/files/are-you-eligible/ireland_fellows_programme_africa_2025-26_stage_1_application_form.docx]
[sites/default/files/are-you-eligible/ireland_fellows_programme_asia_2025-26_stage_1_guidance_note_1.pdf]
[sites/default/files/are-you-eligible/ireland_fellows_programme_asia_2025-2026_stage_1_application_form.docx]
[sites/default/files/styles/case_study_profile/public/images/case-studies/profile-image/khaing_profileeb28.png]
[sites/default/files/are-you-eligible/ireland_fellows_programme_casement_nigeria_2025-26_stage_1_guidance_note.pdf]
[sites/default/files/are-you-eligible/ireland_fellows_programme_casement_directory_of_programmes_2025-26.pdf]
[sites/default/files/are-you-eligible/casement_fellowship_2025-26_stage_1_application_form.docx]
[sites/default/files/are-you-eligible/ireland_fellows_programme_courtney_2025-26_stage_1_guidance_note.pdf]
[sites/default/files/are-you-eligible/courtney_fellowship_2025-26_stage_1_application_form.docx]
[sites/all/libraries/flexslider/flexslider8bb9.css]
[sites/default/files/styles/case_study_profile/public/images/case-studies/profile-image/jean_bosco_160d0e9.png]
[sites/default/files/are-you-eligible/ireland_fellows_programme_frank_ferguson_2025-26_stage_1_guidance_note.pdf]
[sites/default/files/are-you-eligible/ferguson_fellowship_2025-26_stage_1_application_form.docx]
[sites/default/files/are-you-eligible/kaf_programme_africa_2025-26_stage_1_guidance_note.pdf]
[sites/default/files/styles/case_study_profile/public/images/case-studies/profile-image/phumzile_profile1725.png]
[sites/default/files/are-you-eligible/ifp_latin_america_2025-26_stage_1_guidance_note.pdf]
[sites/default/files/are-you-eligible/ireland_fellows_programme_latin_america_2025-26_stage_1_application_form.docx]
[sites/default/files/are-you-eligible/ireland_fellows_programme_directory_of_programmes_2025-26_3.pdf]
[sites/all/themes/custom/weather/images/progress8200.gif]
[sites/default/files/are-you-eligible/ireland_fellows_programme_macbride_2025-26_stage_1_guidance_note.pdf]
[sites/default/files/are-you-eligible/macbride_fellowship_2025-26_stage_1_application_form.docx]
[sites/default/files/are-you-eligible/ireland_fellows_programme_sids_2025-26_stage_1_guidance_note.pdf]
[sites/default/files/are-you-eligible/ireland_fellows_programme_sids_2025-26_stage_1_application_form.docx]
[sites/default/files/styles/case_study_main_image/public/images/case-studies/main-image/bui_vinh_thang_0095cf5.jpg]
[sites/default/files/styles/case_study_main_image/public/images/case-studies/main-image/img_9125d369.jpg]
[sites/default/files/styles/case_study_main_image/public/images/case-studies/main-image/20180417_152121ae5b.jpg]
[sites/default/files/styles/case_study_main_image/public/images/case-studies/main-image/20180822_170205_revisedc6d2.jpg]
[sites/all/themes/custom/weather/images/icon-download8200.png]
[sites/default/files/styles/case_study_main_image/public/images/case-studies/main-image/img-20221011-wa00752279e.jpg]
[sites/default/files/styles/case_study_main_image/public/images/case-studies/main-image/namara_ucd_main_gate_172c8.jpg]
[sites/default/files/styles/case_study_main_image/public/images/case-studies/main-image/thumbnail_image_18feb.jpg]
[sites/default/files/styles/case_study_main_image/public/images/case-studies/main-image/f99b474a-8afe-463a-b118-b5d43dff4bbd0c5f.jpg]
[sites/default/files/styles/case_study_main_image/public/images/case-studies/main-image/ucc_1_106b6.jpg]
[sites/default/files/styles/case_study_main_image/public/images/case-studies/main-image/jeremiah_sakala_1_02814.jpg]
[sites/default/files/styles/case_study_main_image/public/images/case-studies/main-image/tuyet540x540_1a2a1.jpg]
[sites/all/themes/custom/weather/images/icon-ext-link8200.png]
[sites/default/files/styles/case_study_main_image/public/images/case-studies/main-image/screenshot_524351.png]
[sites/default/files/styles/case_study_main_image/public/images/case-studies/main-image/khaled_quzmar02c9.jpg]
[sites/default/files/styles/case_study_main_image/public/images/case-studies/main-image/belaynesh3-2006-glendalough2da3.jpg]
[sites/default/files/styles/case_study_main_image/public/images/case-studies/main-image/screenshot_60c107.png]
[sites/default/files/styles/case_study_main_image/public/images/case-studies/main-image/rashid_sesay-01-adjusted-web_125b1.jpg]
[sites/default/files/styles/case_study_main_image/public/images/case-studies/main-image/victor_makasa_10ee3.jpg]
[sites/default/files/styles/case_study_main_image/public/images/case-studies/main-image/screenshot_3511bc.png]
[sites/all/themes/custom/weather/images/icon-app-status8200.png]
[sites/default/files/styles/case_study_main_image/public/images/case-studies/main-image/screenshot_330833.png]
[sites/default/files/styles/case_study_main_image/public/images/case-studies/main-image/bus_trip_group_shot_19991152.jpg]
[sites/default/files/styles/case_study_main_image/public/images/case-studies/main-image/peterbalimunsicomposite672_10fb4.jpg]
[sites/default/files/styles/case_study_main_image/public/images/case-studies/main-image/mekbib_kassahun_ethiopia62f7.jpg]
[sites/default/files/styles/case_study_profile/public/images/case-studies/profile-image/linny-dsc_0007-small_0d1b0.png]
[sites/default/files/styles/case_study_main_image/public/images/case-studies/main-image/1_268d3.jpg]
[sites/default/files/styles/case_study_main_image/public/images/case-studies/main-image/img-20220112-wa0026_1b681.jpg]
[sites/all/themes/custom/weather/images/icon-search8200.png]
[sites/default/files/styles/case_study_profile/public/images/case-studies/profile-image/3ee5c.jpg]
[sites/default/files/styles/case_study_profile/public/images/case-studies/profile-image/eva_2_14b8c.jpg]
[sites/all/themes/custom/weather/css/styles8bb9.css]
[sites/default/files/styles/case_study_profile/public/images/case-studies/profile-image/img_20220112_164847_91a74.jpg]
[sites/default/files/styles/case_study_profile/public/images/case-studies/profile-image/vathida_profile_01b9d.jpg]
[sites/default/files/styles/case_study_profile/public/images/case-studies/profile-image/nyasha_profileefeb.png]
[sites/default/files/styles/case_study_profile/public/images/case-studies/profile-image/vandi_profilea1a0.png]
[sites/default/files/styles/case_study_profile/public/images/case-studies/profile-image/kimsru_cropeb1f.jpg]
[sites/default/files/styles/case_study_profile/public/images/case-studies/profile-image/flavian_photo-cropeb66.png]
[sites/default/files/styles/case_study_profile/public/images/case-studies/profile-image/trang-160ef12.jpg]
[sites/default/files/styles/case_study_profile/public/images/case-studies/profile-image/justinegraduation2-smalledc5.png]
[sites/default/files/styles/case_study_profile/public/images/case-studies/profile-image/dsc06656-phuong-small0617.png]
[sites/default/files/styles/case_study_profile/public/images/case-studies/profile-image/dscf3584-emmanuel-smallb292.png]
[sites/default/files/styles/case_study_profile/public/images/case-studies/profile-image/dscf2269-grace-small_0298b.png]
[sites/default/files/styles/case_study_profile/public/images/case-studies/profile-image/dscf2285-mai-small8ba8.png]
[sites/default/files/styles/case_study_profile/public/images/case-studies/profile-image/lina-dscf9914-small24c5.png]
[sites/default/files/styles/case_study_main_image/public/images/case-studies/main-image/dscf3566-sabaa74a.png]
[sites/default/files/styles/newsletter_cover/public/images/newsletters/cover-images/the_link_11_cover_image_09e78.png]
[sites/default/files/styles/newsletter_cover/public/images/newsletters/cover-images/cover_image_18c25.jpg]
[sites/default/files/styles/newsletter_cover/public/images/newsletters/cover-images/cover_imagef2f4.jpg]
[sites/default/files/styles/newsletter_cover/public/images/newsletters/cover-images/issue08_coverddc1.jpg]
[sites/default/files/styles/newsletter_cover/public/images/newsletters/cover-images/issue07_coverfb11.jpg]
[sites/default/files/styles/newsletter_cover/public/images/newsletters/cover-images/issue_6_cover_image19b1.jpg]
[sites/default/files/styles/newsletter_cover/public/images/newsletters/cover-images/issue_5_cover_imageb47a.jpg]
[sites/default/files/styles/newsletter_cover/public/images/newsletters/cover-images/issue4cover_imageebf2.jpg]
[sites/default/files/styles/newsletter_cover/public/images/newsletters/cover-images/issue3cover_imageebd8.jpg]
[sites/default/files/styles/newsletter_cover/public/images/newsletters/cover-images/issue2cover_imagea2ca.jpg]
[sites/default/files/styles/case_study_main_image/public/images/case-studies/main-image/sean_yates27e6.jpg]
[sites/default/files/styles/case_study_main_image/public/images/case-studies/main-image/thao_doan_-_tudublin543b.jpg]
[sites/default/files/styles/case_study_main_image/public/images/case-studies/main-image/aouda563d1.jpg]
[sites/default/files/styles/case_study_main_image/public/images/case-studies/main-image/airtonicos56d1.jpg]
[sites/default/files/styles/case_study_main_image/public/images/case-studies/main-image/whatsapp_image_2023-01-23_at_16.00.259e2d.jpg]
[sites/default/files/styles/case_study_main_image/public/images/case-studies/main-image/khaing_main353e.png]
[sites/default/files/styles/case_study_main_image/public/images/case-studies/main-image/jean_bosco_672e0fe.jpg]
[sites/default/files/styles/case_study_main_image/public/images/case-studies/main-image/phumzile_mainec0f.png]
[sites/default/files/styles/case_study_main_image/public/images/case-studies/main-image/tcd_22528.jpg]
[sites/default/files/styles/case_study_main_image/public/images/case-studies/main-image/ricardo_9b9c2.jpg]
[case-studies/linny-kachama.html]
[sites/default/files/styles/case_study_main_image/public/images/case-studies/main-image/yn_-_landscape3e1c.jpg]
[sites/default/files/images/paragraphs/image-and-or-text-bundle/exec_photo_672wide.jpg]
[sites/default/files/images/paragraphs/image-and-or-text-bundle/dscf0634-web.jpg]
[sites/default/files/images/paragraphs/image-and-or-text-bundle/ka_fellows_p8.jpg]
[sites/default/files/images/paragraphs/image-and-or-text-bundle/vietnam-irelandalumni672.jpg]
[case-studies/elisa-castrillón-palacio.html]
[rsrc.php/v4iB504/yJ/l/en_US/P_0LAFjcV1jlUsyD_60q5MFSbHinpt15eqXEjJ3-_ssGIeIkb1YuGg8Are-4mI744056GXb4BipYGgl3uxYwswj_jmVUlyrliuOBccSq-l3FJD_dTosb-0btEVV2jwXucpOH1Rdzuzi16ygtIc_8KZbbxkcx7Xnjqa4qg73VNyhIMEmTau-LZb]
[data/manifest/index.html]
[sites/default/files/styles/case_study_main_image/public/images/case-studies/main-image/krestaline_672x480ce53.jpg]
[rsrc.php/v4ijrk4/yw/l/en_US/P8kHgcllvx3jRbVMLQi1yqrFgh_JO0DNeGxQbVhB7yKtEAPAOW-Vn0x2wumf058jnYU64ar-EvOdbKCw2X51McRWmrW4MW-8vgiBHKSGpHulcM5GfKijsdr983psDsePFWjRQB99Oo59lkoYKnpqmLwO-gxeM7JyUk_WJwwlrOhVfcLFNeDfLK]
[sites/default/files/styles/case_study_main_image/public/images/case-studies/main-image/img202309211318234cea.jpg]
[sites/default/files/styles/case_study_main_image/public/images/case-studies/main-image/thumbnail_image_bad80.jpg]
[sites/default/files/styles/case_study_main_image/public/images/case-studies/main-image/icos_2023-03-07_at_13.01.55b2aa.jpg]
[sites/default/files/styles/case_study_main_image/public/images/case-studies/main-image/new_pov_photo876c.jpg]
[sites/default/files/styles/case_study_main_image/public/images/case-studies/main-image/img_820919d1.jpg]
[sites/default/files/styles/case_study_main_image/public/images/case-studies/main-image/kidden_bettye518.jpg]
[sites/default/files/styles/case_study_main_image/public/images/case-studies/main-image/julie_landscape_0528f.jpg]
[sites/default/files/styles/case_study_main_image/public/images/case-studies/main-image/landscape_photo_38b5.jpg]
[international-womens-day-2024.html]
[sites/default/files/styles/case_study_main_image/public/images/case-studies/main-image/annie_crop3291.jpg]
[sites/default/files/styles/case_study_main_image/public/images/case-studies/main-image/mmi_pic33bd.jpg]
[sites/default/files/styles/case_study_main_image/public/images/case-studies/main-image/vathida_image_1_083df.jpg]
[sites/default/files/styles/case_study_main_image/public/images/case-studies/main-image/landscape_photoc0bc.jpg]
[sites/default/files/styles/case_study_main_image/public/images/case-studies/main-image/nyasha_main341a.png]
[sites/default/files/styles/case_study_main_image/public/images/case-studies/main-image/hien_mainf5b6.png]
[sites/default/files/styles/case_study_main_image/public/images/case-studies/main-image/vandi_with_chief_justice_frank_clarke239c.png]
[sites/default/files/styles/case_study_main_image/public/images/case-studies/main-image/denis_odota_main1eae.jpg]
[sites/default/files/styles/case_study_main_image/public/images/case-studies/main-image/aliyu_usman_-_672x48054da.png]
[sites/default/files/styles/case_study_main_image/public/images/case-studies/main-image/img_20161209_134845370ed04.jpg]
[sites/default/files/styles/case_study_main_image/public/images/case-studies/main-image/kimsru_main_image8a7d.jpg]
[sites/default/files/styles/case_study_main_image/public/images/case-studies/main-image/phillemon3-crop_0d2de.jpg]
[sites/default/files/styles/case_study_main_image/public/images/case-studies/main-image/catherine_-_wide_1a3569.jpg]
[sites/default/files/styles/case_study_main_image/public/images/case-studies/main-image/website_main_1e7d1.jpg]
[sites/default/files/styles/case_study_main_image/public/images/case-studies/main-image/main_image_1_joanne_muchai5840.jpg]
[sites/default/files/styles/case_study_main_image/public/images/case-studies/main-image/yamikani_34802.jpg]
[sites/default/files/styles/case_study_main_image/public/images/case-studies/main-image/flavian_photo7f6d.png]
[sites/default/files/styles/case_study_main_image/public/images/case-studies/main-image/img_0749cf22.jpg]
[privacy-policy.html]
[sites/default/files/styles/case_study_main_image/public/images/case-studies/main-image/chrissy3a25d.jpg]
[sites/default/files/styles/case_study_main_image/public/images/case-studies/main-image/greerschoeman-672a1a1.jpg]
[sites/default/files/styles/case_study_main_image/public/images/case-studies/main-image/michaelmiiro-67203d3.jpg]
[sites/default/files/styles/case_study_main_image/public/images/case-studies/main-image/letuongvi-672ce9b.jpg]
[sites/default/files/styles/case_study_main_image/public/images/case-studies/main-image/trang-672-sharpbd61.jpg]
[sites/default/files/styles/case_study_main_image/public/images/case-studies/main-image/justinegraduation1874b.png]
[sites/default/files/styles/case_study_main_image/public/images/case-studies/main-image/phuong-672d160.jpg]
[sites/default/files/styles/case_study_main_image/public/images/case-studies/main-image/cong-672v3b771.jpg]
[sites/default/files/styles/case_study_main_image/public/images/case-studies/main-image/dscf3584-emmanuelfac0.png]
[sites/default/files/styles/case_study_main_image/public/images/case-studies/main-image/dscf2269-grace_16718.png]
[sites/default/files/styles/case_study_main_image/public/images/case-studies/main-image/beatrice-6725295.jpg]
[sites/default/files/styles/case_study_main_image/public/images/case-studies/main-image/dscf2265-rachela9ad.png]
[sites/default/files/styles/case_study_main_image/public/images/case-studies/main-image/dscf2287-maif606.png]
[sites/default/files/styles/case_study_main_image/public/images/case-studies/main-image/jacoblarge91f1.jpg]
[sites/default/files/styles/case_study_main_image/public/images/case-studies/main-image/dscf1294-christine7536.jpg]
[sites/default/files/styles/case_study_main_image/public/images/case-studies/main-image/teboho-672_0ac7f.jpg]
[sites/default/files/styles/case_study_main_image/public/images/case-studies/main-image/steven_0044da9.jpg]
[sites/default/files/styles/case_study_main_image/public/images/case-studies/main-image/ben-6720ae3.jpg]
[sites/default/files/styles/case_study_main_image/public/images/case-studies/main-image/lina-dscf99144364.png]
[sites/default/files/styles/case_study_main_image/public/images/case-studies/main-image/eunice-672a0db.jpg]
[sites/default/files/styles/case_study_main_image/public/images/case-studies/main-image/solomon-67257bd.jpg]
[sites/default/files/newsletters/pdfs/the_link_issue_11.pdf]
[sites/default/files/images/newsletters/cover-images/the_link_11_cover_image_0.png]
[sites/default/files/newsletters/pdfs/the_link_issue_10.pdf]
[sites/default/files/images/newsletters/cover-images/cover_image_1.jpg]
[sites/default/files/newsletters/pdfs/the_link_issue_9.pdf]
[sites/default/files/images/newsletters/cover-images/cover_image.jpg]
[sites/default/files/newsletters/pdfs/the_link_issue_8_-_final_1.pdf]
[sites/default/files/images/newsletters/cover-images/issue08_cover.jpg]
[sites/default/files/newsletters/pdfs/irishaidfellowshipalumninewsletter-issue07.pdf]
[sites/default/files/images/newsletters/cover-images/issue07_cover.jpg]
[sites/default/files/newsletters/pdfs/irishaidfellowshipalumninewsletter-issue06.pdf]
[sites/default/files/images/newsletters/cover-images/issue_6_cover_image.jpg]
[sites/default/files/newsletters/pdfs/irishaidfellowshipalumninewsletterissue05-finalprint.pdf]
[strands/ireland-fellows-programme-asia.html]
[sites/default/files/images/newsletters/cover-images/issue_5_cover_image.jpg]
[sites/default/files/newsletters/pdfs/alumni_newsletter_04_winter_2012.pdf]
[sites/default/files/images/newsletters/cover-images/issue4cover_image.jpg]
[sites/default/files/newsletters/pdfs/alumni_newsletter_03_summer_2012.pdf]
[sites/default/files/images/newsletters/cover-images/issue3cover_image.jpg]
[sites/default/files/newsletters/pdfs/alumni_newsletter_02_autumn_2011.pdf]
[sites/default/files/images/newsletters/cover-images/issue2cover_image.jpg]
[sites/default/files/styles/newsletter_cover/public/images/newsletters/cover-images/issue1cover_imageab0e.jpg]
[sites/default/files/images/paragraphs/image-and-or-text-bundle/tuyet540x540.jpg]
[sites/default/files/images/paragraphs/image-and-or-text-bundle/76_buswa-web.jpg]
[sites/default/files/images/paragraphs/image-and-or-text-bundle/uganda_4-web.jpg]
[sites/default/files/images/paragraphs/image-and-or-text-bundle/graduation_ucd-all-web.jpg]
[sites/default/files/images/paragraphs/image-and-or-text-bundle/img_3778.jpg]
[sites/default/files/images/paragraphs/image-and-or-text-bundle/website_tile_0.jpg]
[sites/default/files/images/paragraphs/image-and-or-text-bundle/courtney_fellows_p9.jpg]
[sites/default/files/images/paragraphs/image-and-or-text-bundle/limerickfullgroup672.jpg]
[sites/default/files/images/paragraphs/image-and-or-text-bundle/mos_ciaran_cannon_and_fiona_gilsenan.jpg]
[sites/default/files/images/paragraphs/image-and-or-text-bundle/fellows_with_minister_cannon.jpg]
[sites/default/files/images/paragraphs/image-and-or-text-bundle/nyasha_sanie.jpg]
[sites/default/files/images/paragraphs/image-and-or-text-bundle/ia_and_icos_with_ka_fellows.jpg]
[sites/default/files/images/paragraphs/image-and-or-text-bundle/some_of_2017_vietnamese_fellows.jpg]
[sites/default/files/images/paragraphs/image-and-or-text-bundle/lenin_and_catherine.jpg]
[sites/default/files/images/paragraphs/image-and-or-text-bundle/2016_fellow_from_palestine_maha_abdallah_on_her_graduation_day_at_nui_galway.jpg]
[sites/default/files/images/paragraphs/image-and-or-text-bundle/sibongile_mtungwa.jpg]
[sites/default/files/images/paragraphs/image-and-or-text-bundle/courtney_fellows_with_ambassador_paul_sherlock.jpg]
[sites/default/files/images/paragraphs/image-and-or-text-bundle/members_of_the_uganda_irish_alumni_association.jpg]
[sites/default/files/images/paragraphs/image-and-or-text-bundle/kimmage_dsc.jpg]
[sites/default/files/images/paragraphs/image-and-or-text-bundle/teachers_making_a_difference_1.jpg]
[sites/default/files/images/paragraphs/image-and-or-text-bundle/cit_the_courtyard_6_june_2018_3.jpg]
[sites/default/files/images/paragraphs/image-and-or-text-bundle/mandela_1_-_credit_louise_gubb.png]
[casement-fellowship.html]
[sites/default/files/images/paragraphs/image-and-or-text-bundle/mandela_5.png]
[sites/default/files/images/paragraphs/image-and-or-text-bundle/mandela_6_sml.jpg]
[sites/default/files/images/paragraphs/image-and-or-text-bundle/mandela_4_sml.jpg]
[sites/default/files/images/paragraphs/image-and-or-text-bundle/felix_graduation_photo.png]
[sites/default/files/images/paragraphs/image-and-or-text-bundle/beatrice_kampire_2015.jpg]
[sites/default/files/images/paragraphs/image-and-or-text-bundle/samwel_korinja_olekao_tanzania_2015_awardee_copy1.jpg]
[sites/default/files/images/paragraphs/image-and-or-text-bundle/p1_combine.jpg]
[sites/default/files/images/paragraphs/image-and-or-text-bundle/p3_combine.jpg]
[sites/default/files/images/paragraphs/image-and-or-text-bundle/vietnamese_fellows_p3.jpg]
[sites/default/files/images/paragraphs/image-and-or-text-bundle/icos_visits_1_p2.jpg]
[sites/default/files/images/paragraphs/image-and-or-text-bundle/icos_visits_2_p2.jpg]
[sites/default/files/images/paragraphs/image-and-or-text-bundle/icos_visits_3_p2.jpg]
[sites/default/files/images/paragraphs/image-and-or-text-bundle/icos_visits_4_p3.jpg]
[sites/default/files/images/paragraphs/image-and-or-text-bundle/zubair_combine.jpg]
[sites/default/files/images/paragraphs/image-and-or-text-bundle/teachers_making_a_difference_p6_1.jpg]
[sites/default/files/images/paragraphs/image-and-or-text-bundle/graduation_p10.jpg]
[sites/default/files/images/paragraphs/image-and-or-text-bundle/happy_christmas_from_icos.jpg]
[sites/default/files/images/paragraphs/image-and-or-text-bundle/graduation_p11.jpg]
[sites/default/files/images/paragraphs/image-and-or-text-bundle/fellows_welcomed_to_iveagh_house_1.jpg]
[sites/default/files/images/paragraphs/image-and-or-text-bundle/jeremiah_sakala_1.jpg]
[sites/default/files/images/paragraphs/image-and-or-text-bundle/ul_logo_3.jpg]
[sites/default/files/images/paragraphs/image-and-or-text-bundle/ul_4.jpg]
[sites/default/files/images/paragraphs/image-and-or-text-bundle/ia_supports_to_education.jpg]
[sites/default/files/images/paragraphs/image-and-or-text-bundle/kimsru_1.jpg]
[sites/default/files/images/paragraphs/image-and-or-text-bundle/fellowship_news_-_ideas.jpg]
[sites/default/files/images/paragraphs/image-and-or-text-bundle/kimru_3.jpg]
[sites/default/files/images/paragraphs/image-and-or-text-bundle/fellowship_news_-_lanith.jpg]
[sites/default/files/images/paragraphs/image-and-or-text-bundle/casement_1.jpg]
[sites/default/files/images/paragraphs/image-and-or-text-bundle/10_1.jpg]
[sites/default/files/images/paragraphs/image-and-or-text-bundle/checker_for_website_0.jpg]
[strands/ireland-fellows-programme-latin-america.html]
[sites/default/files/images/paragraphs/image-and-or-text-bundle/ftp_crop.jpg]
[sites/default/files/images/paragraphs/image-and-or-text-bundle/farmleigh_crop-horz.jpg]
[sites/default/files/images/paragraphs/image-and-or-text-bundle/khaled_quzmar.jpg]
[sites/default/files/images/paragraphs/image-and-or-text-bundle/khaled_in_ramallah_crop.jpg]
[sites/default/files/images/paragraphs/image-and-or-text-bundle/gene_crop.jpg]
[sites/default/files/images/paragraphs/image-and-or-text-bundle/intl_educ_crop.jpg]
[sites/default/files/images/paragraphs/image-and-or-text-bundle/jpmj_crop.jpg]
[sites/default/files/images/paragraphs/image-and-or-text-bundle/kimmage_manor_crop.jpg]
[sites/default/files/images/paragraphs/image-and-or-text-bundle/uiaa_dfat_crop.jpg]
[sites/default/files/images/paragraphs/image-and-or-text-bundle/uiaa_tcd_crop-horz.jpg]
[sites/default/files/images/paragraphs/image-and-or-text-bundle/happy_christmas_from_irish_aid_and_icos.jpg]
[sites/default/files/images/paragraphs/image-and-or-text-bundle/covermontage_0.jpg]
[sites/default/files/images/paragraphs/image-and-or-text-bundle/cookingstickgroup-672x480_0.jpg]
[sites/default/files/images/paragraphs/image-and-or-text-bundle/george_with_cooking_stick_0.jpg]
[sites/default/files/images/paragraphs/image-and-or-text-bundle/irishaidvolfair672wide.jpg]
[sites/default/files/images/paragraphs/image-and-or-text-bundle/kaderasmalgroup.jpg]
[sites/default/files/images/paragraphs/image-and-or-text-bundle/vietnam_culture_night_group_0.jpg]
[sites/default/files/images/paragraphs/image-and-or-text-bundle/anita.jpg]
[sites/default/files/images/paragraphs/image-and-or-text-bundle/davida_sierra_leone_launch.jpg]
[sites/default/files/images/paragraphs/image-and-or-text-bundle/haiyan_destruction.jpg]
[sites/default/files/images/paragraphs/image-and-or-text-bundle/img_2724-672x480.jpg]
[sites/default/files/images/paragraphs/image-and-or-text-bundle/800px-dit_faculty_of_science-672x480.jpg]
[strands/seán-macbride-fellowship.html]
[sites/default/files/images/paragraphs/image-and-or-text-bundle/oneworldonefuturecover250.jpg]
[sites/default/files/images/paragraphs/image-and-or-text-bundle/vietnam_outgoing_group-web.jpg]
[sites/default/files/images/paragraphs/image-and-or-text-bundle/new-policy-main-image-460x325.jpg]
[sites/default/files/images/paragraphs/image-and-or-text-bundle/eamon-gilmore-nora-owens-joe-costello-one-world-one-future-policy-launch-460x250.jpg]
[sites/default/files/images/paragraphs/image-and-or-text-bundle/rashid_sesay-01-adjusted-web.jpg]
[sites/default/files/images/paragraphs/image-and-or-text-bundle/rashid_sesay-21-web.jpg]
[sites/default/files/images/paragraphs/image-and-or-text-bundle/university-college-cork-panorama-2012bjorn_christian_torrissen-web.jpg]
[sites/default/files/images/paragraphs/image-and-or-text-bundle/students_centre.jpg]
[sites/default/files/images/paragraphs/image-and-or-text-bundle/reportcover-web.jpg]
[sites/default/files/images/paragraphs/image-and-or-text-bundle/fellowshipgroup-2012-672.jpg]
[sites/default/files/images/paragraphs/image-and-or-text-bundle/vietnam_returned_fellows2-672.jpg]
[sites/default/files/images/paragraphs/image-and-or-text-bundle/snowy-tree-small.jpg]
[sites/default/files/images/paragraphs/image-and-or-text-bundle/belaynesh3-2006-glendalough.jpg]
[sites/default/files/images/paragraphs/image-and-or-text-bundle/belaynesh1-edit.jpg]
[case-studies/bui-vinh-thang.html]
[sites/default/files/images/paragraphs/image-and-or-text-bundle/malawi_smallholder_growing_groundnuts_672.jpg]
[sites/default/files/images/paragraphs/image-and-or-text-bundle/rex-photo-672.jpg]
[sites/default/files/images/paragraphs/image-and-or-text-bundle/henrygrattanbuilding-672.jpg]
[sites/default/files/images/paragraphs/image-and-or-text-bundle/albert_college_front1-dominik_roblek-crop.jpg]
[sites/default/files/images/paragraphs/image-and-or-text-bundle/the_helix2-672.jpg]
[sites/default/files/images/paragraphs/image-and-or-text-bundle/ul_world_aids_018-672.jpg]
[sites/default/files/images/paragraphs/image-and-or-text-bundle/moscostello672.jpg]
[sites/default/files/images/paragraphs/image-and-or-text-bundle/envet2008rmozamuge_wanbera_tending_tree_nurserybale_mountains01-672.jpg]
[sites/default/files/images/paragraphs/image-and-or-text-bundle/victor_makasa.jpg]
[sites/default/files/images/paragraphs/image-and-or-text-bundle/minister_with_king_of_lesotho_672.jpg]
[sites/default/files/images/paragraphs/image-and-or-text-bundle/quadrangle_-_phalinn_ooi-672.jpg]
[sites/default/files/images/paragraphs/image-and-or-text-bundle/health_science_nuig672.jpg]
[sites/default/files/images/paragraphs/image-and-or-text-bundle/africa_day_1_672.jpg]
[sites/default/files/images/paragraphs/image-and-or-text-bundle/africa_day_2_672.jpg]
[alumni/alumni-facebook-group.html]
[sites/default/files/images/paragraphs/image-and-or-text-bundle/adscf1045-672.jpg]
[sites/default/files/images/paragraphs/image-and-or-text-bundle/adscf0790-672.jpg]
[sites/default/files/images/paragraphs/image-and-or-text-bundle/peterbalimunsicomposite672.jpg]
[sites/default/files/images/paragraphs/image-and-or-text-bundle/irish_aid_study_006-672.jpg]
[sites/default/files/images/paragraphs/image-and-or-text-bundle/malawiembassygettogether-672.jpg]
[sites/default/files/images/paragraphs/image-and-or-text-bundle/belfield_arts_block_672.jpg]
[sites/default/files/images/paragraphs/image-and-or-text-bundle/irish_aid-malawi-barbee-june2011-672.jpg]
[sites/default/files/images/paragraphs/image-and-or-text-bundle/tanaiste2-tanzania-barbee044.jpg]
[sites/default/files/newsletters/pdfs/alumni_newsletter_01_winter_2010.pdf]
[sites/default/files/images/paragraphs/image-and-or-text-bundle/img_2164_0.jpg]
[sites/default/files/images/paragraphs/image-and-or-text-bundle/christmas_-_website.jpg]
[sites/default/files/images/newsletters/cover-images/issue1cover_image.jpg]
[sites/default/files/images/paragraphs/image-and-or-text-bundle/peter_power_signature.jpg]
[sites/default/files/images/paragraphs/image-and-or-text-bundle/p3-groupshot-2010ftp.jpg]
[sites/default/files/images/paragraphs/image-and-or-text-bundle/agnespicture002-672.jpg]
[sites/default/files/images/paragraphs/image-and-or-text-bundle/getu_672x480.jpg]
[sites/default/files/images/paragraphs/image-and-or-text-bundle/1000_days_672.jpg]
[sites/all/themes/custom/weather/images/progress8200.gif]
[case-studies/truong-tuyet.html]
[case-studies/anita-bitegeko.html]
[case-studies/khaled-quzmar.html]
[case-studies/victor-makasa.html]
[case-studies/eiman-fadul.html]
[case-studies/dr-zubair-kabir.html]
[case-studies.html]
[case-studies/elisa-castrillón-palacio-2.html]
[case-studies/saba-gebremedhin-hagos.html]
[newsletters.html]
[case-studies/sean-yates.html]
[case-studies/jeanne-aouda-zbeidy.html]
[case-studies/airton-hernany-lima-jesus.html]
[case-studies/emmanuel-sandy.html]
[sites/default/files/are-you-eligible/ireland_fellows_programme_asia_2024-25_stage_1_guidance_note.html]
[case-studies/khaing-min-thant.html]
[case-studies/jean-bosco-harerimana.html]
[case-studies/phumzile-elizabeth-sokhela.html]
[case-studies/magdalena-sofia-wagner-manslau.html]
[case-studies/ricardo-paredes.html]
[case-studies/yumi-casualina-nafe.html]
[case-studies/euclinton-ancheldásio-foliche-2.html]
[case-studies/marie-krestaline-juliana-dedans.html]
[case-studies/pov-pheung.html]
[case-studies/yannick-memee.html]
[case-studies/julie-vatu.html]
[case-studies/keneuoe-maliehe.html]
[case-studies/van-thi-minh-hien.html]
[case-studies/denis-odota.html]
[case-studies/phillemon-sithole.html]
[case-studies/jane-frances-abodo.html]
[case-studies/justine-van-rooyen.html]
[case-studies/nguyen-ha-phuong.html]
[case-studies/vu-thanh-cong.html]
[case-studies/grace-namukonde.html]
[case-studies/beatrice-mateyo-mkanda.html]
[case-studies/jacob-ngowi.html]
[case-studies/eunice-tumwebaze.html]
[newsletters/issue-11.html]
[newsletters/issue-10.html]
[newsletters/issue-9.html]
[newsletters/issue-8.html]
[newsletters/issue-7.html]
[newsletters/issue-6.html]
[newsletters/issue-5.html]
[newsletters/issue-4.html]
[newsletters/issue-3.html]
[newsletters/issue-2.html]
[newsletters2679.html]
[newsletters/issue-7/staying-connected-truong-tuyet-vietnam.html]
[newsletters/issue-5/spotlight-education.html]
[newsletters/issue-10/christmas-party-2017.html]
[newsletters/issue-3/fellows-discuss-irish-aid-priorities.html]
[index-3.html]
[index-4.html]
[rsrc.php/v5/ys/l/0,cross/7lC_0yHSWwbhL2c6RXd4ZU.css]
[rsrc.php/v4/yy/r/QYEP1kqgaxA.js]
[rsrc.php/v4iB504/yJ/l/en_US/P_0LAFjcV1jlUsyD_60q5MFSbHinpt15eqXEjJ3-_ssGIeIkb1YuGg8Are-4mI744056GXb4BipYGgl3uxYwswj_jmVUlyrliuOBccSq-l3FJD_dTosb-0btEVV2jwXucpOH1Rdzuzi16ygtIc_8KZbbxkcx7Xnjqa4qg73VNyhIMEmTau-LZb]
[rsrc.php/v4iQ6o4/yf/l/en_US/e_5RNZLu-ryLtZaCtoDh_fUe7dWMwY-Ls8bpMpUbYpvRzfNnTzO50VpiBXRRbB5sXFt3OoAgcyD9jR39FIoli629.js]
[rsrc.php/v4i_054/y_/l/en_US/vJ4ASJCwfk5.js]
[rsrc.php/v4ijrk4/yw/l/en_US/P8kHgcllvx3jRbVMLQi1yqrFgh_JO0DNeGxQbVhB7yKtEAPAOW-Vn0x2wumf058jnYU64ar-EvOdbKCw2X51McRWmrW4MW-8vgiBHKSGpHulcM5GfKijsdr983psDsePFWjRQB99Oo59lkoYKnpqmLwO-gxeM7JyUk_WJwwlrOhVfcLFNeDfLK]
[rsrc.php/v4iMBQ4/yn/l/en_US/M1X48bCbFAg.js]
[rsrc.php/v4is2G4/yq/l/en_US/ddlCvhdzqJ6.js]
[rsrc.php/v4iJyb4/yv/l/en_US/78twXyiMC1n.js]
[rsrc.php/v4ijWq4/yS/l/en_US/Q2CSAMuDBmF.js]
[rsrc.php/v5/yK/l/0,cross/NBz_yxmSnxH.css]
[strands/ideas-strand-2.html]
[newsletters/issue-11/fellows-meet-minister-state-ciaran-cannon-td.html]
[newsletters/issue-11/introducing-new-palestine-scholarship-programme.html]
[newsletters/issue-10/icos-visits-fellows-their-colleges.html]
[newsletters/issue-9/staying-connected-jeremiah-ben-mumandwe-sakala.html]
[newsletters/issue-8/staying-connected-khaled-quzmar.html]
[newsletters/issue-7/zambian-cooking-stick-has-special-place-ireland.html]
[newsletters/issue-6/staying-connected-anita-bitegeko.html]
[newsletters/issue-5/alumni-and-embassy-help-new-fellows-prepare.html]
[newsletters/issue-4/returned-fellows-invited-ideas-exchange.html]
[newsletters/issue-3/“building-bond-lasts-lifetime”.html]
[newsletters/issue-2/building-online-alumni-network.html]
[newsletters/issue-9/irish-aid-fellowship-st-patrick’s-day-party-2.html]
[wp-content/uploads/Gene_NationalReport-Ireland.html]
[newsletters/issue-8/protecting-world’s-endangered-mountain-gorillas-2.html]
[Christmas-party-2016.html]
[newsletters/issue-4/your-master’s-degree-key-2.html]
[newsletters/issue-3/“building-bond-lasts-lifetime”-2.html]
[consent/488801ee-7721-4395-b31f-e7c895479fc2/OtAutoBlock.js]
[scripttemplates/otSDKStub.js]
[font-awesome/4.7.0/css/font-awesome.min.css]
[media/dfa-2017/style-assets/javascript/jquery-3.1.1.min.js]
[media/dfa/styleassets/images/Foreign-Affairs-and-Trade-White-80.png]
[media/dfa/alldfawebsitemedia/newspress/publications/2011-africa-strategy-cover-460.jpg]
[media/dfa/alldfawebsitemedia/newspress/publications/2011-africa-strategy.pdf]
[media/dfa/styleassets/images/twitter.gif]
[media/embassydenmark/facebook-logo-16x17px.jpg]
[media/dfa/styleassets/images/twitter.gif]
[uploads/documents/DCD/strategy_paper2.html]
[media/dfa-2017/style-assets/javascript/t4-scripts.min.js]
[newsletters/issue-3/visit-cements-biliateral-links-ireland’s-longest-running-aid-programme-2.html]
[newsletters/issue-1/welcome-minister-peter-power-td.html]
[newsletters/issue-1/welcome-sheila-power-icos.html]
[newsletters/issue-1/heritage-management-ethiopia-benefits-fellow’s-irish-experience-2.html]
[sites/all/libraries/flexslider/fonts/flexslider-icon.svg]
[case-studies/dismas-ndayikengurukiye.html]
[font-awesome/4.7.0/css/font-awesome.min.css]
[media/dfa-2017/style-assets/css/font-defs.css]
[font-awesome/4.7.0/fonts/fontawesome-webfont3e6e.svg]
[media/dfa-2017/style-assets/css/style.css]
[media/dfa-2017/style-assets/css/print.css]
[gtm5445.html]
[media/dfa-2017/style-assets/media/svg-imgs/next_arrow.svg]
[media/dfa-2017/style-assets/media/svg-imgs/down_arrow.svg]
[photoe4c2.html]
[media/eupresidency/content/documents/HNCJ-conference-papers_final_small.pdf]
[font-awesome/4.7.0/fonts/fontawesome-webfont3e6e.svg]
[media/dfa-2017/style-assets/css/font-defsd41d.css]
[media/dfa-2017/style-assets/media/svg-imgs/circle_plus.svg]
[media/dfa-2017/style-assets/media/svg-imgs/circle_minus.svg]
[media/dfa-2017/style-assets/media/svg-imgs/speaker_icon.svg]
[media/dfa/styleassets/images/print-icon.jpg]
